This file contains any messages produced by compilers while
running configure, to aid debugging if configure makes a mistake.

It was created by libeXosip2 configure 5.0.0, which was
generated by GNU Autoconf 2.69.  Invocation command line was

  $ ./configure --no-create --no-recursion

## --------- ##
## Platform. ##
## --------- ##

hostname = ubuntu
uname -m = x86_64
uname -r = 5.15.0-87-generic
uname -s = Linux
uname -v = #97~20.04.1-Ubuntu SMP Thu Oct 5 08:25:28 UTC 2023

/usr/bin/uname -p = x86_64
/bin/uname -X     = unknown

/bin/arch              = x86_64
/usr/bin/arch -k       = unknown
/usr/convex/getsysinfo = unknown
/usr/bin/hostinfo      = unknown
/bin/machine           = unknown
/usr/bin/oslevel       = unknown
/bin/universe          = unknown

PATH: /usr/local/sbin
PATH: /usr/local/bin
PATH: /usr/sbin
PATH: /usr/bin
PATH: /sbin
PATH: /bin
PATH: /usr/games
PATH: /usr/local/games
PATH: /snap/bin


## ----------- ##
## Core tests. ##
## ----------- ##

configure:2276: libeXosip2              The Extended Open SIP library.
configure:2278: Copyright (C) 2002-2015 Aymeric MOIZARD - <amoizard@antisip.com>
configure:2286: result: Configuring  
configure:2289: result: Building Package on linux
configure:2340: checking for a BSD-compatible install
configure:2408: result: /usr/bin/install -c
configure:2419: checking whether build environment is sane
configure:2474: result: yes
configure:2623: checking for a thread-safe mkdir -p
configure:2662: result: /usr/bin/mkdir -p
configure:2669: checking for gawk
configure:2699: result: no
configure:2669: checking for mawk
configure:2685: found /usr/bin/mawk
configure:2696: result: mawk
configure:2707: checking whether make sets $(MAKE)
configure:2729: result: yes
configure:2758: checking whether make supports nested variables
configure:2775: result: yes
configure:2907: checking build system type
configure:2921: result: x86_64-pc-linux-gnu
configure:2941: checking host system type
configure:2954: result: x86_64-pc-linux-gnu
configure:3024: checking for gcc
configure:3040: found /usr/bin/gcc
configure:3051: result: gcc
configure:3280: checking for C compiler version
configure:3289: gcc --version >&5
gcc (Ubuntu 9.4.0-1ubuntu1~20.04.2) 9.4.0
Copyright (C) 2019 Free Software Foundation, Inc.
This is free software; see the source for copying conditions.  There is NO
warranty; not even for MERCHANTABILITY or FITNESS FOR A PARTICULAR PURPOSE.

configure:3300: $? = 0
configure:3289: gcc -v >&5
Using built-in specs.
COLLECT_GCC=gcc
COLLECT_LTO_WRAPPER=/usr/lib/gcc/x86_64-linux-gnu/9/lto-wrapper
OFFLOAD_TARGET_NAMES=nvptx-none:hsa
OFFLOAD_TARGET_DEFAULT=1
Target: x86_64-linux-gnu
Configured with: ../src/configure -v --with-pkgversion='Ubuntu 9.4.0-1ubuntu1~20.04.2' --with-bugurl=file:///usr/share/doc/gcc-9/README.Bugs --enable-languages=c,ada,c++,go,brig,d,fortran,objc,obj-c++,gm2 --prefix=/usr --with-gcc-major-version-only --program-suffix=-9 --program-prefix=x86_64-linux-gnu- --enable-shared --enable-linker-build-id --libexecdir=/usr/lib --without-included-gettext --enable-threads=posix --libdir=/usr/lib --enable-nls --enable-clocale=gnu --enable-libstdcxx-debug --enable-libstdcxx-time=yes --with-default-libstdcxx-abi=new --enable-gnu-unique-object --disable-vtable-verify --enable-plugin --enable-default-pie --with-system-zlib --with-target-system-zlib=auto --enable-objc-gc=auto --enable-multiarch --disable-werror --with-arch-32=i686 --with-abi=m64 --with-multilib-list=m32,m64,mx32 --enable-multilib --with-tune=generic --enable-offload-targets=nvptx-none=/build/gcc-9-9QDOt0/gcc-9-9.4.0/debian/tmp-nvptx/usr,hsa --without-cuda-driver --enable-checking=release --build=x86_64-linux-gnu --host=x86_64-linux-gnu --target=x86_64-linux-gnu
Thread model: posix
gcc version 9.4.0 (Ubuntu 9.4.0-1ubuntu1~20.04.2) 
configure:3300: $? = 0
configure:3289: gcc -V >&5
gcc: error: unrecognized command line option '-V'
gcc: fatal error: no input files
compilation terminated.
configure:3300: $? = 1
configure:3289: gcc -qversion >&5
gcc: error: unrecognized command line option '-qversion'; did you mean '--version'?
gcc: fatal error: no input files
compilation terminated.
configure:3300: $? = 1
configure:3320: checking whether the C compiler works
configure:3342: gcc    conftest.c  >&5
configure:3346: $? = 0
configure:3394: result: yes
configure:3397: checking for C compiler default output file name
configure:3399: result: a.out
configure:3405: checking for suffix of executables
configure:3412: gcc -o conftest    conftest.c  >&5
configure:3416: $? = 0
configure:3438: result: 
configure:3460: checking whether we are cross compiling
configure:3468: gcc -o conftest    conftest.c  >&5
configure:3472: $? = 0
configure:3479: ./conftest
configure:3483: $? = 0
configure:3471: result: no
configure:3476: checking for suffix of object files
configure:3498: gcc -c   conftest.c >&5
configure:3502: $? = 0
configure:3523: result: o
configure:3527: checking whether we are using the GNU C compiler
configure:3546: gcc -c   conftest.c >&5
configure:3546: $? = 0
configure:3555: result: yes
configure:3564: checking whether gcc accepts -g
configure:3584: gcc -c -g  conftest.c >&5
configure:3584: $? = 0
configure:3625: result: yes
configure:3642: checking for gcc option to accept ISO C89
configure:3705: gcc  -c -g -O2  conftest.c >&5
configure:3705: $? = 0
configure:3718: result: none needed
configure:3743: checking whether gcc understands -c and -o together
configure:3765: gcc -c conftest.c -o conftest2.o
configure:3768: $? = 0
configure:3765: gcc -c conftest.c -o conftest2.o
configure:3768: $? = 0
configure:3780: result: yes
configure:3800: checking whether make supports the include directive
configure:3815: make -f confmf.GNU && cat confinc.out
make[1]: Entering directory '/home/liugc/Desktop/GB28181Server/库源码/exosip/osiplib/exosip'
make[1]: Leaving directory '/home/liugc/Desktop/GB28181Server/库源码/exosip/osiplib/exosip'
this is the am__doit target
configure:3818: $? = 0
configure:3837: result: yes (GNU style)
configure:3862: checking dependency style of gcc
configure:3973: result: gcc3
configure:3993: checking how to run the C preprocessor
configure:4024: gcc -E  conftest.c
configure:4024: $? = 0
configure:4038: gcc -E  conftest.c
conftest.c:11:10: fatal error: ac_nonexistent.h: No such file or directory
   11 | #include <ac_nonexistent.h>
      |          ^~~~~~~~~~~~~~~~~~
compilation terminated.
configure:4038: $? = 1
configure: failed program was:
| /* confdefs.h */
| #define PACKAGE_NAME "libeXosip2"
| #define PACKAGE_TARNAME "libexosip2"
| #define PACKAGE_VERSION "5.0.0"
| #define PACKAGE_STRING "libeXosip2 5.0.0"
| #define PACKAGE_BUGREPORT ""
| #define PACKAGE_URL ""
| #define PACKAGE "libexosip2"
| #define VERSION "5.0.0"
| /* end confdefs.h.  */
| #include <ac_nonexistent.h>
configure:4063: result: gcc -E
configure:4083: gcc -E  conftest.c
configure:4083: $? = 0
configure:4097: gcc -E  conftest.c
conftest.c:11:10: fatal error: ac_nonexistent.h: No such file or directory
   11 | #include <ac_nonexistent.h>
      |          ^~~~~~~~~~~~~~~~~~
compilation terminated.
configure:4097: $? = 1
configure: failed program was:
| /* confdefs.h */
| #define PACKAGE_NAME "libeXosip2"
| #define PACKAGE_TARNAME "libexosip2"
| #define PACKAGE_VERSION "5.0.0"
| #define PACKAGE_STRING "libeXosip2 5.0.0"
| #define PACKAGE_BUGREPORT ""
| #define PACKAGE_URL ""
| #define PACKAGE "libexosip2"
| #define VERSION "5.0.0"
| /* end confdefs.h.  */
| #include <ac_nonexistent.h>
configure:4127: checking for a sed that does not truncate output
configure:4191: result: /usr/bin/sed
configure:4242: checking how to print strings
configure:4269: result: printf
configure:4290: checking for a sed that does not truncate output
configure:4354: result: /usr/bin/sed
configure:4372: checking for grep that handles long lines and -e
configure:4430: result: /usr/bin/grep
configure:4435: checking for egrep
configure:4497: result: /usr/bin/grep -E
configure:4502: checking for fgrep
configure:4564: result: /usr/bin/grep -F
configure:4599: checking for ld used by gcc
configure:4666: result: /usr/bin/ld
configure:4673: checking if the linker (/usr/bin/ld) is GNU ld
configure:4688: result: yes
configure:4700: checking for BSD- or MS-compatible name lister (nm)
configure:4754: result: /usr/bin/nm -B
configure:4884: checking the name lister (/usr/bin/nm -B) interface
configure:4891: gcc -c -g -O2  conftest.c >&5
configure:4894: /usr/bin/nm -B "conftest.o"
configure:4897: output
0000000000000000 B some_variable
configure:4898: result: BSD nm
configure:4901: checking whether ln -s works
configure:4905: result: yes
configure:4913: checking the maximum length of command line arguments
configure:5044: result: 1572864
configure:5092: checking how to convert x86_64-pc-linux-gnu file names to x86_64-pc-linux-gnu format
configure:5132: result: func_convert_file_noop
configure:5139: checking how to convert x86_64-pc-linux-gnu file names to toolchain format
configure:5159: result: func_convert_file_noop
configure:5166: checking for /usr/bin/ld option to reload object files
configure:5173: result: -r
configure:5247: checking for objdump
configure:5263: found /usr/bin/objdump
configure:5274: result: objdump
configure:5306: checking how to recognize dependent libraries
configure:5506: result: pass_all
configure:5591: checking for dlltool
configure:5621: result: no
configure:5651: checking how to associate runtime and link libraries
configure:5678: result: printf %s\n
configure:5739: checking for ar
configure:5755: found /usr/bin/ar
configure:5766: result: ar
configure:5803: checking for archiver @FILE support
configure:5820: gcc -c -g -O2  conftest.c >&5
configure:5820: $? = 0
configure:5823: ar cr libconftest.a @conftest.lst >&5
configure:5826: $? = 0
configure:5831: ar cr libconftest.a @conftest.lst >&5
ar: conftest.o: No such file or directory
configure:5834: $? = 1
configure:5833: result: @
configure:5891: checking for strip
configure:5907: found /usr/bin/strip
configure:5918: result: strip
configure:5990: checking for ranlib
configure:6006: found /usr/bin/ranlib
configure:6017: result: ranlib
configure:6119: checking command to parse /usr/bin/nm -B output from gcc object
configure:6272: gcc -c -g -O2  conftest.c >&5
configure:6275: $? = 0
configure:6279: /usr/bin/nm -B conftest.o | sed -n -e 's/^.*[	 ]\([ABCDGIRSTW][ABCDGIRSTW]*\)[	 ][	 ]*\([_A-Za-z][_A-Za-z0-9]*\)$/\1 \2 \2/p' | sed '/ __gnu_lto/d' > conftest.nm
configure:6345: gcc -o conftest -g -O2   conftest.c conftstm.o >&5
configure:6348: $? = 0
configure:6386: result: ok
configure:6433: checking for sysroot
configure:6463: result: no
configure:6470: checking for a working dd
configure:6508: result: /usr/bin/dd
configure:6512: checking how to truncate binary pipes
configure:6527: result: /usr/bin/dd bs=4096 count=1
configure:6663: gcc -c -g -O2  conftest.c >&5
configure:6666: $? = 0
configure:6856: checking for mt
configure:6872: found /usr/bin/mt
configure:6883: result: mt
configure:6906: checking if mt is a manifest tool
configure:6912: mt '-?'
configure:6920: result: no
configure:7593: checking for ANSI C header files
configure:7613: gcc -c -g -O2  conftest.c >&5
configure:7613: $? = 0
configure:7686: gcc -o conftest -g -O2   conftest.c  >&5
configure:7686: $? = 0
configure:7686: ./conftest
configure:7686: $? = 0
configure:7697: result: yes
configure:7710: checking for sys/types.h
configure:7710: gcc -c -g -O2  conftest.c >&5
configure:7710: $? = 0
configure:7710: result: yes
configure:7710: checking for sys/stat.h
configure:7710: gcc -c -g -O2  conftest.c >&5
configure:7710: $? = 0
configure:7710: result: yes
configure:7710: checking for stdlib.h
configure:7710: gcc -c -g -O2  conftest.c >&5
configure:7710: $? = 0
configure:7710: result: yes
configure:7710: checking for string.h
configure:7710: gcc -c -g -O2  conftest.c >&5
configure:7710: $? = 0
configure:7710: result: yes
configure:7710: checking for memory.h
configure:7710: gcc -c -g -O2  conftest.c >&5
configure:7710: $? = 0
configure:7710: result: yes
configure:7710: checking for strings.h
configure:7710: gcc -c -g -O2  conftest.c >&5
configure:7710: $? = 0
configure:7710: result: yes
configure:7710: checking for inttypes.h
configure:7710: gcc -c -g -O2  conftest.c >&5
configure:7710: $? = 0
configure:7710: result: yes
configure:7710: checking for stdint.h
configure:7710: gcc -c -g -O2  conftest.c >&5
configure:7710: $? = 0
configure:7710: result: yes
configure:7710: checking for unistd.h
configure:7710: gcc -c -g -O2  conftest.c >&5
configure:7710: $? = 0
configure:7710: result: yes
configure:7724: checking for dlfcn.h
configure:7724: gcc -c -g -O2  conftest.c >&5
configure:7724: $? = 0
configure:7724: result: yes
configure:7980: checking for objdir
configure:7995: result: .libs
configure:8259: checking if gcc supports -fno-rtti -fno-exceptions
configure:8277: gcc -c -g -O2  -fno-rtti -fno-exceptions conftest.c >&5
cc1: warning: command line option '-fno-rtti' is valid for C++/D/ObjC++ but not for C
configure:8281: $? = 0
configure:8294: result: no
configure:8658: checking for gcc option to produce PIC
configure:8665: result: -fPIC -DPIC
configure:8673: checking if gcc PIC flag -fPIC -DPIC works
configure:8691: gcc -c -g -O2  -fPIC -DPIC -DPIC conftest.c >&5
configure:8695: $? = 0
configure:8708: result: yes
configure:8737: checking if gcc static flag -static works
configure:8765: result: yes
configure:8780: checking if gcc supports -c -o file.o
configure:8801: gcc -c -g -O2  -o out/conftest2.o conftest.c >&5
configure:8805: $? = 0
configure:8827: result: yes
configure:8835: checking if gcc supports -c -o file.o
configure:8882: result: yes
configure:8915: checking whether the gcc linker (/usr/bin/ld -m elf_x86_64) supports shared libraries
configure:10178: result: yes
configure:10215: checking whether -lc should be explicitly linked in
configure:10223: gcc -c -g -O2  conftest.c >&5
configure:10226: $? = 0
configure:10241: gcc -shared  -fPIC -DPIC conftest.o  -v -Wl,-soname -Wl,conftest -o conftest 2\>\&1 \| /usr/bin/grep  -lc  \>/dev/null 2\>\&1
configure:10244: $? = 0
configure:10258: result: no
configure:10418: checking dynamic linker characteristics
configure:10999: gcc -o conftest -g -O2   -Wl,-rpath -Wl,/foo conftest.c  >&5
configure:10999: $? = 0
configure:11248: result: GNU/Linux ld.so
configure:11370: checking how to hardcode library paths into programs
configure:11395: result: immediate
configure:11943: checking whether stripping libraries is possible
configure:11948: result: yes
configure:11983: checking if libtool supports shared libraries
configure:11985: result: yes
configure:11988: checking whether to build shared libraries
configure:12013: result: yes
configure:12016: checking whether to build static libraries
configure:12020: result: yes
configure:9034: checking if compiler needs -Werror to reject unknown flags
configure:9050: gcc -c -g -O2 -Werror -Wunknown-warning-option -Wsizeof-array-argument  conftest.c >&5
gcc: error: unrecognized command line option '-Wunknown-warning-option'
configure:9050: $? = 1
configure: failed program was:
| /* confdefs.h */
| #define PACKAGE_NAME "libeXosip2"
| #define PACKAGE_TARNAME "libexosip2"
| #define PACKAGE_VERSION "5.0.0"
| #define PACKAGE_STRING "libeXosip2 5.0.0"
| #define PACKAGE_BUGREPORT ""
| #define PACKAGE_URL ""
| #define PACKAGE "libexosip2"
| #define VERSION "5.0.0"
| #define STDC_HEADERS 1
| #define HAVE_SYS_TYPES_H 1
| #define HAVE_SYS_STAT_H 1
| #define HAVE_STDLIB_H 1
| #define HAVE_STRING_H 1
| #define HAVE_MEMORY_H 1
| #define HAVE_STRINGS_H 1
| #define HAVE_INTTYPES_H 1
| #define HAVE_STDINT_H 1
| #define HAVE_UNISTD_H 1
| #define HAVE_DLFCN_H 1
| #define LT_OBJDIR ".libs/"
| /* end confdefs.h.  */
| int foo(void);
| int
| main ()
| {
| foo()
|   ;
|   return 0;
| }
configure:9055: result: no
configure:9121: checking for the pthreads library -lpthreads
configure:9159: gcc -o conftest -g -O2     conftest.c -lpthreads  >&5
/usr/bin/ld: cannot find -lpthreads
collect2: error: ld returned 1 exit status
configure:9159: $? = 1
configure: failed program was:
| /* confdefs.h */
| #define PACKAGE_NAME "libeXosip2"
| #define PACKAGE_TARNAME "libexosip2"
| #define PACKAGE_VERSION "5.0.0"
| #define PACKAGE_STRING "libeXosip2 5.0.0"
| #define PACKAGE_BUGREPORT ""
| #define PACKAGE_URL ""
| #define PACKAGE "libexosip2"
| #define VERSION "5.0.0"
| #define STDC_HEADERS 1
| #define HAVE_SYS_TYPES_H 1
| #define HAVE_SYS_STAT_H 1
| #define HAVE_STDLIB_H 1
| #define HAVE_STRING_H 1
| #define HAVE_MEMORY_H 1
| #define HAVE_STRINGS_H 1
| #define HAVE_INTTYPES_H 1
| #define HAVE_STDINT_H 1
| #define HAVE_UNISTD_H 1
| #define HAVE_DLFCN_H 1
| #define LT_OBJDIR ".libs/"
| /* end confdefs.h.  */
| #include <pthread.h>
|                         static void routine(void *a) { a = 0; }
|                         static void *start_routine(void *a) { return a; }
| int
| main ()
| {
| pthread_t th; pthread_attr_t attr;
|                         pthread_create(&th, 0, start_routine, 0);
|                         pthread_join(th, 0);
|                         pthread_attr_init(&attr);
|                         pthread_cleanup_push(routine, 0);
|                         pthread_cleanup_pop(0) /* ; */
|   ;
|   return 0;
| }
configure:9168: result: no
configure:9066: checking whether pthreads work without any flags
configure:9159: gcc -o conftest -g -O2     conftest.c   >&5
/usr/bin/ld: /tmp/cct7LPvq.o: in function `main':
/home/liugc/Desktop/GB28181Server/库源码/exosip/osiplib/exosip/conftest.c:30: undefined reference to `pthread_create'
/usr/bin/ld: /home/liugc/Desktop/GB28181Server/库源码/exosip/osiplib/exosip/conftest.c:31: undefined reference to `pthread_join'
/usr/bin/ld: /home/liugc/Desktop/GB28181Server/库源码/exosip/osiplib/exosip/conftest.c:33: undefined reference to `__pthread_register_cancel'
/usr/bin/ld: /home/liugc/Desktop/GB28181Server/库源码/exosip/osiplib/exosip/conftest.c:34: undefined reference to `__pthread_unregister_cancel'
collect2: error: ld returned 1 exit status
configure:9159: $? = 1
configure: failed program was:
| /* confdefs.h */
| #define PACKAGE_NAME "libeXosip2"
| #define PACKAGE_TARNAME "libexosip2"
| #define PACKAGE_VERSION "5.0.0"
| #define PACKAGE_STRING "libeXosip2 5.0.0"
| #define PACKAGE_BUGREPORT ""
| #define PACKAGE_URL ""
| #define PACKAGE "libexosip2"
| #define VERSION "5.0.0"
| #define STDC_HEADERS 1
| #define HAVE_SYS_TYPES_H 1
| #define HAVE_SYS_STAT_H 1
| #define HAVE_STDLIB_H 1
| #define HAVE_STRING_H 1
| #define HAVE_MEMORY_H 1
| #define HAVE_STRINGS_H 1
| #define HAVE_INTTYPES_H 1
| #define HAVE_STDINT_H 1
| #define HAVE_UNISTD_H 1
| #define HAVE_DLFCN_H 1
| #define LT_OBJDIR ".libs/"
| /* end confdefs.h.  */
| #include <pthread.h>
|                         static void routine(void *a) { a = 0; }
|                         static void *start_routine(void *a) { return a; }
| int
| main ()
| {
| pthread_t th; pthread_attr_t attr;
|                         pthread_create(&th, 0, start_routine, 0);
|                         pthread_join(th, 0);
|                         pthread_attr_init(&attr);
|                         pthread_cleanup_push(routine, 0);
|                         pthread_cleanup_pop(0) /* ; */
|   ;
|   return 0;
| }
configure:9168: result: no
configure:9071: checking whether pthreads work with -Kthread
configure:9159: gcc -o conftest -g -O2 -Kthread    conftest.c   >&5
gcc: error: unrecognized command line option '-Kthread'; did you mean '-pthread'?
configure:9159: $? = 1
configure: failed program was:
| /* confdefs.h */
| #define PACKAGE_NAME "libeXosip2"
| #define PACKAGE_TARNAME "libexosip2"
| #define PACKAGE_VERSION "5.0.0"
| #define PACKAGE_STRING "libeXosip2 5.0.0"
| #define PACKAGE_BUGREPORT ""
| #define PACKAGE_URL ""
| #define PACKAGE "libexosip2"
| #define VERSION "5.0.0"
| #define STDC_HEADERS 1
| #define HAVE_SYS_TYPES_H 1
| #define HAVE_SYS_STAT_H 1
| #define HAVE_STDLIB_H 1
| #define HAVE_STRING_H 1
| #define HAVE_MEMORY_H 1
| #define HAVE_STRINGS_H 1
| #define HAVE_INTTYPES_H 1
| #define HAVE_STDINT_H 1
| #define HAVE_UNISTD_H 1
| #define HAVE_DLFCN_H 1
| #define LT_OBJDIR ".libs/"
| /* end confdefs.h.  */
| #include <pthread.h>
|                         static void routine(void *a) { a = 0; }
|                         static void *start_routine(void *a) { return a; }
| int
| main ()
| {
| pthread_t th; pthread_attr_t attr;
|                         pthread_create(&th, 0, start_routine, 0);
|                         pthread_join(th, 0);
|                         pthread_attr_init(&attr);
|                         pthread_cleanup_push(routine, 0);
|                         pthread_cleanup_pop(0) /* ; */
|   ;
|   return 0;
| }
configure:9168: result: no
configure:9071: checking whether pthreads work with -kthread
configure:9159: gcc -o conftest -g -O2 -kthread    conftest.c   >&5
gcc: error: unrecognized command line option '-kthread'; did you mean '-pthread'?
configure:9159: $? = 1
configure: failed program was:
| /* confdefs.h */
| #define PACKAGE_NAME "libeXosip2"
| #define PACKAGE_TARNAME "libexosip2"
| #define PACKAGE_VERSION "5.0.0"
| #define PACKAGE_STRING "libeXosip2 5.0.0"
| #define PACKAGE_BUGREPORT ""
| #define PACKAGE_URL ""
| #define PACKAGE "libexosip2"
| #define VERSION "5.0.0"
| #define STDC_HEADERS 1
| #define HAVE_SYS_TYPES_H 1
| #define HAVE_SYS_STAT_H 1
| #define HAVE_STDLIB_H 1
| #define HAVE_STRING_H 1
| #define HAVE_MEMORY_H 1
| #define HAVE_STRINGS_H 1
| #define HAVE_INTTYPES_H 1
| #define HAVE_STDINT_H 1
| #define HAVE_UNISTD_H 1
| #define HAVE_DLFCN_H 1
| #define LT_OBJDIR ".libs/"
| /* end confdefs.h.  */
| #include <pthread.h>
|                         static void routine(void *a) { a = 0; }
|                         static void *start_routine(void *a) { return a; }
| int
| main ()
| {
| pthread_t th; pthread_attr_t attr;
|                         pthread_create(&th, 0, start_routine, 0);
|                         pthread_join(th, 0);
|                         pthread_attr_init(&attr);
|                         pthread_cleanup_push(routine, 0);
|                         pthread_cleanup_pop(0) /* ; */
|   ;
|   return 0;
| }
configure:9168: result: no
configure:9121: checking for the pthreads library -llthread
configure:9159: gcc -o conftest -g -O2     conftest.c -llthread  >&5
/usr/bin/ld: cannot find -llthread
collect2: error: ld returned 1 exit status
configure:9159: $? = 1
configure: failed program was:
| /* confdefs.h */
| #define PACKAGE_NAME "libeXosip2"
| #define PACKAGE_TARNAME "libexosip2"
| #define PACKAGE_VERSION "5.0.0"
| #define PACKAGE_STRING "libeXosip2 5.0.0"
| #define PACKAGE_BUGREPORT ""
| #define PACKAGE_URL ""
| #define PACKAGE "libexosip2"
| #define VERSION "5.0.0"
| #define STDC_HEADERS 1
| #define HAVE_SYS_TYPES_H 1
| #define HAVE_SYS_STAT_H 1
| #define HAVE_STDLIB_H 1
| #define HAVE_STRING_H 1
| #define HAVE_MEMORY_H 1
| #define HAVE_STRINGS_H 1
| #define HAVE_INTTYPES_H 1
| #define HAVE_STDINT_H 1
| #define HAVE_UNISTD_H 1
| #define HAVE_DLFCN_H 1
| #define LT_OBJDIR ".libs/"
| /* end confdefs.h.  */
| #include <pthread.h>
|                         static void routine(void *a) { a = 0; }
|                         static void *start_routine(void *a) { return a; }
| int
| main ()
| {
| pthread_t th; pthread_attr_t attr;
|                         pthread_create(&th, 0, start_routine, 0);
|                         pthread_join(th, 0);
|                         pthread_attr_init(&attr);
|                         pthread_cleanup_push(routine, 0);
|                         pthread_cleanup_pop(0) /* ; */
|   ;
|   return 0;
| }
configure:9168: result: no
configure:9071: checking whether pthreads work with -pthread
configure:9159: gcc -o conftest -g -O2 -pthread    conftest.c   >&5
configure:9159: $? = 0
configure:9168: result: yes
configure:9187: checking for joinable pthread attribute
configure:9202: gcc -o conftest -g -O2 -pthread   conftest.c   >&5
configure:9202: $? = 0
configure:9208: result: PTHREAD_CREATE_JOINABLE
configure:9218: checking if more special flags are required for pthreads
configure:9233: result: no
configure:9239: checking for PTHREAD_PRIO_INHERIT
configure:9256: gcc -o conftest -g -O2 -pthread   conftest.c   >&5
configure:9256: $? = 0
configure:9265: result: yes
configure:9381: checking semaphore.h usability
configure:9381: gcc -c -g -O2 -pthread  conftest.c >&5
configure:9381: $? = 0
configure:9381: result: yes
configure:9381: checking semaphore.h presence
configure:9381: gcc -E  conftest.c
configure:9381: $? = 0
configure:9381: result: yes
configure:9381: checking for semaphore.h
configure:9381: result: yes
configure:9393: checking sys/sem.h usability
configure:9393: gcc -c -g -O2 -pthread  conftest.c >&5
configure:9393: $? = 0
configure:9393: result: yes
configure:9393: checking sys/sem.h presence
configure:9393: gcc -E  conftest.c
configure:9393: $? = 0
configure:9393: result: yes
configure:9393: checking for sys/sem.h
configure:9393: result: yes
configure:9508: checking for sem_open in -lposix4
configure:9533: gcc -o conftest -g -O2 -pthread   conftest.c -lposix4    >&5
/usr/bin/ld: cannot find -lposix4
collect2: error: ld returned 1 exit status
configure:9533: $? = 1
configure: failed program was:
| /* confdefs.h */
| #define PACKAGE_NAME "libeXosip2"
| #define PACKAGE_TARNAME "libexosip2"
| #define PACKAGE_VERSION "5.0.0"
| #define PACKAGE_STRING "libeXosip2 5.0.0"
| #define PACKAGE_BUGREPORT ""
| #define PACKAGE_URL ""
| #define PACKAGE "libexosip2"
| #define VERSION "5.0.0"
| #define STDC_HEADERS 1
| #define HAVE_SYS_TYPES_H 1
| #define HAVE_SYS_STAT_H 1
| #define HAVE_STDLIB_H 1
| #define HAVE_STRING_H 1
| #define HAVE_MEMORY_H 1
| #define HAVE_STRINGS_H 1
| #define HAVE_INTTYPES_H 1
| #define HAVE_STDINT_H 1
| #define HAVE_UNISTD_H 1
| #define HAVE_DLFCN_H 1
| #define LT_OBJDIR ".libs/"
| #define HAVE_PTHREAD_PRIO_INHERIT 1
| #define HAVE_PTHREAD 1
| #define HAVE_SEMAPHORE_H 1
| #define HAVE_SYS_SEM_H 1
| /* end confdefs.h.  */
| 
| /* Override any GCC internal prototype to avoid an error.
|    Use char because int might match the return type of a GCC
|    builtin and then its argument prototype would still apply.  */
| #ifdef __cplusplus
| extern "C"
| #endif
| char sem_open ();
| int
| main ()
| {
| return sem_open ();
|   ;
|   return 0;
| }
configure:9542: result: no
configure:9548: checking for nis_add in -lnsl
configure:9573: gcc -o conftest -g -O2 -pthread   conftest.c -lnsl    >&5
configure:9573: $? = 0
configure:9582: result: yes
configure:9588: checking for sendto in -lsocket
configure:9613: gcc -o conftest -g -O2 -pthread   conftest.c -lsocket    >&5
/usr/bin/ld: cannot find -lsocket
collect2: error: ld returned 1 exit status
configure:9613: $? = 1
configure: failed program was:
| /* confdefs.h */
| #define PACKAGE_NAME "libeXosip2"
| #define PACKAGE_TARNAME "libexosip2"
| #define PACKAGE_VERSION "5.0.0"
| #define PACKAGE_STRING "libeXosip2 5.0.0"
| #define PACKAGE_BUGREPORT ""
| #define PACKAGE_URL ""
| #define PACKAGE "libexosip2"
| #define VERSION "5.0.0"
| #define STDC_HEADERS 1
| #define HAVE_SYS_TYPES_H 1
| #define HAVE_SYS_STAT_H 1
| #define HAVE_STDLIB_H 1
| #define HAVE_STRING_H 1
| #define HAVE_MEMORY_H 1
| #define HAVE_STRINGS_H 1
| #define HAVE_INTTYPES_H 1
| #define HAVE_STDINT_H 1
| #define HAVE_UNISTD_H 1
| #define HAVE_DLFCN_H 1
| #define LT_OBJDIR ".libs/"
| #define HAVE_PTHREAD_PRIO_INHERIT 1
| #define HAVE_PTHREAD 1
| #define HAVE_SEMAPHORE_H 1
| #define HAVE_SYS_SEM_H 1
| /* end confdefs.h.  */
| 
| /* Override any GCC internal prototype to avoid an error.
|    Use char because int might match the return type of a GCC
|    builtin and then its argument prototype would still apply.  */
| #ifdef __cplusplus
| extern "C"
| #endif
| char sendto ();
| int
| main ()
| {
| return sendto ();
|   ;
|   return 0;
| }
configure:9622: result: no
configure:9628: checking for clock_gettime in -lrt
configure:9653: gcc -o conftest -g -O2 -pthread   conftest.c -lrt    >&5
configure:9653: $? = 0
configure:9662: result: yes
configure:9673: checking for res_query in -lresolv
configure:9698: gcc -o conftest -g -O2 -pthread   conftest.c -lresolv    >&5
/usr/bin/ld: /tmp/ccWjbM4P.o: in function `main':
/home/liugc/Desktop/GB28181Server/库源码/exosip/osiplib/exosip/conftest.c:38: undefined reference to `res_query'
collect2: error: ld returned 1 exit status
configure:9698: $? = 1
configure: failed program was:
| /* confdefs.h */
| #define PACKAGE_NAME "libeXosip2"
| #define PACKAGE_TARNAME "libexosip2"
| #define PACKAGE_VERSION "5.0.0"
| #define PACKAGE_STRING "libeXosip2 5.0.0"
| #define PACKAGE_BUGREPORT ""
| #define PACKAGE_URL ""
| #define PACKAGE "libexosip2"
| #define VERSION "5.0.0"
| #define STDC_HEADERS 1
| #define HAVE_SYS_TYPES_H 1
| #define HAVE_SYS_STAT_H 1
| #define HAVE_STDLIB_H 1
| #define HAVE_STRING_H 1
| #define HAVE_MEMORY_H 1
| #define HAVE_STRINGS_H 1
| #define HAVE_INTTYPES_H 1
| #define HAVE_STDINT_H 1
| #define HAVE_UNISTD_H 1
| #define HAVE_DLFCN_H 1
| #define LT_OBJDIR ".libs/"
| #define HAVE_PTHREAD_PRIO_INHERIT 1
| #define HAVE_PTHREAD 1
| #define HAVE_SEMAPHORE_H 1
| #define HAVE_SYS_SEM_H 1
| /* end confdefs.h.  */
| 
| /* Override any GCC internal prototype to avoid an error.
|    Use char because int might match the return type of a GCC
|    builtin and then its argument prototype would still apply.  */
| #ifdef __cplusplus
| extern "C"
| #endif
| char res_query ();
| int
| main ()
| {
| return res_query ();
|   ;
|   return 0;
| }
configure:9707: result: no
configure:9713: checking for __res_query in -lresolv
configure:9738: gcc -o conftest -g -O2 -pthread   conftest.c -lresolv    >&5
configure:9738: $? = 0
configure:9747: result: yes
configure:9756: checking for ares_init in -lcares
configure:9781: gcc -o conftest -g -O2 -pthread   conftest.c -lcares    >&5
/usr/bin/ld: cannot find -lcares
collect2: error: ld returned 1 exit status
configure:9781: $? = 1
configure: failed program was:
| /* confdefs.h */
| #define PACKAGE_NAME "libeXosip2"
| #define PACKAGE_TARNAME "libexosip2"
| #define PACKAGE_VERSION "5.0.0"
| #define PACKAGE_STRING "libeXosip2 5.0.0"
| #define PACKAGE_BUGREPORT ""
| #define PACKAGE_URL ""
| #define PACKAGE "libexosip2"
| #define VERSION "5.0.0"
| #define STDC_HEADERS 1
| #define HAVE_SYS_TYPES_H 1
| #define HAVE_SYS_STAT_H 1
| #define HAVE_STDLIB_H 1
| #define HAVE_STRING_H 1
| #define HAVE_MEMORY_H 1
| #define HAVE_STRINGS_H 1
| #define HAVE_INTTYPES_H 1
| #define HAVE_STDINT_H 1
| #define HAVE_UNISTD_H 1
| #define HAVE_DLFCN_H 1
| #define LT_OBJDIR ".libs/"
| #define HAVE_PTHREAD_PRIO_INHERIT 1
| #define HAVE_PTHREAD 1
| #define HAVE_SEMAPHORE_H 1
| #define HAVE_SYS_SEM_H 1
| /* end confdefs.h.  */
| 
| /* Override any GCC internal prototype to avoid an error.
|    Use char because int might match the return type of a GCC
|    builtin and then its argument prototype would still apply.  */
| #ifdef __cplusplus
| extern "C"
| #endif
| char ares_init ();
| int
| main ()
| {
| return ares_init ();
|   ;
|   return 0;
| }
configure:9790: result: no
configure:9810: WARNING: c-ares library is not installed
configure:9870: checking for pkg-config
configure:9888: found /usr/bin/pkg-config
configure:9900: result: /usr/bin/pkg-config
configure:9925: checking pkg-config is at least version 0.9.0
configure:9928: result: yes
configure:9938: checking for OSIP
configure:9945: $PKG_CONFIG --exists --print-errors "libosip2 >= 5.0"
configure:9948: $? = 0
configure:9962: $PKG_CONFIG --exists --print-errors "libosip2 >= 5.0"
configure:9965: $? = 0
configure:10013: result: yes
configure:10020: checking whether -Wall works
configure:10039: gcc -c -g -O2 -pthread -Wall conftest.c >&5
configure:10039: $? = 0
configure:10048: result: yes
configure:10055: checking whether -Wcast-align works
configure:10074: gcc -c -g -O2 -pthread -Wcast-align conftest.c >&5
configure:10074: $? = 0
configure:10083: result: yes
configure:10090: checking whether -Wchar-subscripts works
configure:10109: gcc -c -g -O2 -pthread -Wchar-subscripts conftest.c >&5
configure:10109: $? = 0
configure:10118: result: yes
configure:10125: checking whether -Wformat works
configure:10144: gcc -c -g -O2 -pthread -Wformat conftest.c >&5
configure:10144: $? = 0
configure:10153: result: yes
configure:10160: checking whether -Winline works
configure:10179: gcc -c -g -O2 -pthread -Winline conftest.c >&5
configure:10179: $? = 0
configure:10188: result: yes
configure:10195: checking whether -Wmissing-declarations works
configure:10214: gcc -c -g -O2 -pthread -Wmissing-declarations conftest.c >&5
configure:10214: $? = 0
configure:10223: result: yes
configure:10230: checking whether -Wmissing-prototypes works
configure:10249: gcc -c -g -O2 -pthread -Wmissing-prototypes conftest.c >&5
configure:10249: $? = 0
configure:10258: result: yes
configure:10265: checking whether -Wnested-externs works
configure:10284: gcc -c -g -O2 -pthread -Wnested-externs conftest.c >&5
configure:10284: $? = 0
configure:10293: result: yes
configure:10300: checking whether -Wpointer-arith works
configure:10319: gcc -c -g -O2 -pthread -Wpointer-arith conftest.c >&5
configure:10319: $? = 0
configure:10328: result: yes
configure:10338: checking for ANSI C header files
configure:10442: result: yes
configure:10452: checking ctype.h usability
configure:10452: gcc -c -g -O2 -pthread  -Wall -Wcast-align -Wchar-subscripts -Wformat -Winline -Wmissing-declarations -Wmissing-prototypes -Wnested-externs -Wpointer-arith conftest.c >&5
configure:10452: $? = 0
configure:10452: result: yes
configure:10452: checking ctype.h presence
configure:10452: gcc -E  -Wall -Wcast-align -Wchar-subscripts -Wformat -Winline -Wmissing-declarations -Wmissing-prototypes -Wnested-externs -Wpointer-arith conftest.c
configure:10452: $? = 0
configure:10452: result: yes
configure:10452: checking for ctype.h
configure:10452: result: yes
configure:10464: checking for string.h
configure:10464: result: yes
configure:10476: checking for strings.h
configure:10476: result: yes
configure:10488: checking stdio.h usability
configure:10488: gcc -c -g -O2 -pthread  -Wall -Wcast-align -Wchar-subscripts -Wformat -Winline -Wmissing-declarations -Wmissing-prototypes -Wnested-externs -Wpointer-arith conftest.c >&5
configure:10488: $? = 0
configure:10488: result: yes
configure:10488: checking stdio.h presence
configure:10488: gcc -E  -Wall -Wcast-align -Wchar-subscripts -Wformat -Winline -Wmissing-declarations -Wmissing-prototypes -Wnested-externs -Wpointer-arith conftest.c
configure:10488: $? = 0
configure:10488: result: yes
configure:10488: checking for stdio.h
configure:10488: result: yes
configure:10500: checking for stdlib.h
configure:10500: result: yes
configure:10512: checking limits.h usability
configure:10512: gcc -c -g -O2 -pthread  -Wall -Wcast-align -Wchar-subscripts -Wformat -Winline -Wmissing-declarations -Wmissing-prototypes -Wnested-externs -Wpointer-arith conftest.c >&5
configure:10512: $? = 0
configure:10512: result: yes
configure:10512: checking limits.h presence
configure:10512: gcc -E  -Wall -Wcast-align -Wchar-subscripts -Wformat -Winline -Wmissing-declarations -Wmissing-prototypes -Wnested-externs -Wpointer-arith conftest.c
configure:10512: $? = 0
configure:10512: result: yes
configure:10512: checking for limits.h
configure:10512: result: yes
configure:10524: checking for unistd.h
configure:10524: result: yes
configure:10536: checking stdarg.h usability
configure:10536: gcc -c -g -O2 -pthread  -Wall -Wcast-align -Wchar-subscripts -Wformat -Winline -Wmissing-declarations -Wmissing-prototypes -Wnested-externs -Wpointer-arith conftest.c >&5
configure:10536: $? = 0
configure:10536: result: yes
configure:10536: checking stdarg.h presence
configure:10536: gcc -E  -Wall -Wcast-align -Wchar-subscripts -Wformat -Winline -Wmissing-declarations -Wmissing-prototypes -Wnested-externs -Wpointer-arith conftest.c
configure:10536: $? = 0
configure:10536: result: yes
configure:10536: checking for stdarg.h
configure:10536: result: yes
configure:10548: checking varargs.h usability
configure:10548: gcc -c -g -O2 -pthread  -Wall -Wcast-align -Wchar-subscripts -Wformat -Winline -Wmissing-declarations -Wmissing-prototypes -Wnested-externs -Wpointer-arith conftest.c >&5
In file included from conftest.c:69:
/usr/lib/gcc/x86_64-linux-gnu/9/include/varargs.h:4:2: error: #error "GCC no longer implements <varargs.h>."
    4 | #error "GCC no longer implements <varargs.h>."
      |  ^~~~~
/usr/lib/gcc/x86_64-linux-gnu/9/include/varargs.h:5:2: error: #error "Revise your code to use <stdarg.h>."
    5 | #error "Revise your code to use <stdarg.h>."
      |  ^~~~~
configure:10548: $? = 1
configure: failed program was:
| /* confdefs.h */
| #define PACKAGE_NAME "libeXosip2"
| #define PACKAGE_TARNAME "libexosip2"
| #define PACKAGE_VERSION "5.0.0"
| #define PACKAGE_STRING "libeXosip2 5.0.0"
| #define PACKAGE_BUGREPORT ""
| #define PACKAGE_URL ""
| #define PACKAGE "libexosip2"
| #define VERSION "5.0.0"
| #define STDC_HEADERS 1
| #define HAVE_SYS_TYPES_H 1
| #define HAVE_SYS_STAT_H 1
| #define HAVE_STDLIB_H 1
| #define HAVE_STRING_H 1
| #define HAVE_MEMORY_H 1
| #define HAVE_STRINGS_H 1
| #define HAVE_INTTYPES_H 1
| #define HAVE_STDINT_H 1
| #define HAVE_UNISTD_H 1
| #define HAVE_DLFCN_H 1
| #define LT_OBJDIR ".libs/"
| #define HAVE_PTHREAD_PRIO_INHERIT 1
| #define HAVE_PTHREAD 1
| #define HAVE_SEMAPHORE_H 1
| #define HAVE_SYS_SEM_H 1
| #define STDC_HEADERS 1
| #define HAVE_CTYPE_H 1
| #define HAVE_STRING_H 1
| #define HAVE_STRINGS_H 1
| #define HAVE_STDIO_H 1
| #define HAVE_STDLIB_H 1
| #define HAVE_LIMITS_H 1
| #define HAVE_UNISTD_H 1
| #define HAVE_STDARG_H 1
| /* end confdefs.h.  */
| #include <stdio.h>
| #ifdef HAVE_SYS_TYPES_H
| # include <sys/types.h>
| #endif
| #ifdef HAVE_SYS_STAT_H
| # include <sys/stat.h>
| #endif
| #ifdef STDC_HEADERS
| # include <stdlib.h>
| # include <stddef.h>
| #else
| # ifdef HAVE_STDLIB_H
| #  include <stdlib.h>
| # endif
| #endif
| #ifdef HAVE_STRING_H
| # if !defined STDC_HEADERS && defined HAVE_MEMORY_H
| #  include <memory.h>
| # endif
| # include <string.h>
| #endif
| #ifdef HAVE_STRINGS_H
| # include <strings.h>
| #endif
| #ifdef HAVE_INTTYPES_H
| # include <inttypes.h>
| #endif
| #ifdef HAVE_STDINT_H
| # include <stdint.h>
| #endif
| #ifdef HAVE_UNISTD_H
| # include <unistd.h>
| #endif
| #include <varargs.h>
configure:10548: result: no
configure:10548: checking varargs.h presence
configure:10548: gcc -E  -Wall -Wcast-align -Wchar-subscripts -Wformat -Winline -Wmissing-declarations -Wmissing-prototypes -Wnested-externs -Wpointer-arith conftest.c
In file included from conftest.c:36:
/usr/lib/gcc/x86_64-linux-gnu/9/include/varargs.h:4:2: error: #error "GCC no longer implements <varargs.h>."
    4 | #error "GCC no longer implements <varargs.h>."
      |  ^~~~~
/usr/lib/gcc/x86_64-linux-gnu/9/include/varargs.h:5:2: error: #error "Revise your code to use <stdarg.h>."
    5 | #error "Revise your code to use <stdarg.h>."
      |  ^~~~~
configure:10548: $? = 1
configure: failed program was:
| /* confdefs.h */
| #define PACKAGE_NAME "libeXosip2"
| #define PACKAGE_TARNAME "libexosip2"
| #define PACKAGE_VERSION "5.0.0"
| #define PACKAGE_STRING "libeXosip2 5.0.0"
| #define PACKAGE_BUGREPORT ""
| #define PACKAGE_URL ""
| #define PACKAGE "libexosip2"
| #define VERSION "5.0.0"
| #define STDC_HEADERS 1
| #define HAVE_SYS_TYPES_H 1
| #define HAVE_SYS_STAT_H 1
| #define HAVE_STDLIB_H 1
| #define HAVE_STRING_H 1
| #define HAVE_MEMORY_H 1
| #define HAVE_STRINGS_H 1
| #define HAVE_INTTYPES_H 1
| #define HAVE_STDINT_H 1
| #define HAVE_UNISTD_H 1
| #define HAVE_DLFCN_H 1
| #define LT_OBJDIR ".libs/"
| #define HAVE_PTHREAD_PRIO_INHERIT 1
| #define HAVE_PTHREAD 1
| #define HAVE_SEMAPHORE_H 1
| #define HAVE_SYS_SEM_H 1
| #define STDC_HEADERS 1
| #define HAVE_CTYPE_H 1
| #define HAVE_STRING_H 1
| #define HAVE_STRINGS_H 1
| #define HAVE_STDIO_H 1
| #define HAVE_STDLIB_H 1
| #define HAVE_LIMITS_H 1
| #define HAVE_UNISTD_H 1
| #define HAVE_STDARG_H 1
| /* end confdefs.h.  */
| #include <varargs.h>
configure:10548: result: no
configure:10548: checking for varargs.h
configure:10548: result: no
configure:10560: checking sys/time.h usability
configure:10560: gcc -c -g -O2 -pthread  -Wall -Wcast-align -Wchar-subscripts -Wformat -Winline -Wmissing-declarations -Wmissing-prototypes -Wnested-externs -Wpointer-arith conftest.c >&5
configure:10560: $? = 0
configure:10560: result: yes
configure:10560: checking sys/time.h presence
configure:10560: gcc -E  -Wall -Wcast-align -Wchar-subscripts -Wformat -Winline -Wmissing-declarations -Wmissing-prototypes -Wnested-externs -Wpointer-arith conftest.c
configure:10560: $? = 0
configure:10560: result: yes
configure:10560: checking for sys/time.h
configure:10560: result: yes
configure:10572: checking assert.h usability
configure:10572: gcc -c -g -O2 -pthread  -Wall -Wcast-align -Wchar-subscripts -Wformat -Winline -Wmissing-declarations -Wmissing-prototypes -Wnested-externs -Wpointer-arith conftest.c >&5
configure:10572: $? = 0
configure:10572: result: yes
configure:10572: checking assert.h presence
configure:10572: gcc -E  -Wall -Wcast-align -Wchar-subscripts -Wformat -Winline -Wmissing-declarations -Wmissing-prototypes -Wnested-externs -Wpointer-arith conftest.c
configure:10572: $? = 0
configure:10572: result: yes
configure:10572: checking for assert.h
configure:10572: result: yes
configure:10584: checking signal.h usability
configure:10584: gcc -c -g -O2 -pthread  -Wall -Wcast-align -Wchar-subscripts -Wformat -Winline -Wmissing-declarations -Wmissing-prototypes -Wnested-externs -Wpointer-arith conftest.c >&5
configure:10584: $? = 0
configure:10584: result: yes
configure:10584: checking signal.h presence
configure:10584: gcc -E  -Wall -Wcast-align -Wchar-subscripts -Wformat -Winline -Wmissing-declarations -Wmissing-prototypes -Wnested-externs -Wpointer-arith conftest.c
configure:10584: $? = 0
configure:10584: result: yes
configure:10584: checking for signal.h
configure:10584: result: yes
configure:10596: checking sys/signal.h usability
configure:10596: gcc -c -g -O2 -pthread  -Wall -Wcast-align -Wchar-subscripts -Wformat -Winline -Wmissing-declarations -Wmissing-prototypes -Wnested-externs -Wpointer-arith conftest.c >&5
configure:10596: $? = 0
configure:10596: result: yes
configure:10596: checking sys/signal.h presence
configure:10596: gcc -E  -Wall -Wcast-align -Wchar-subscripts -Wformat -Winline -Wmissing-declarations -Wmissing-prototypes -Wnested-externs -Wpointer-arith conftest.c
configure:10596: $? = 0
configure:10596: result: yes
configure:10596: checking for sys/signal.h
configure:10596: result: yes
configure:10608: checking malloc.h usability
configure:10608: gcc -c -g -O2 -pthread  -Wall -Wcast-align -Wchar-subscripts -Wformat -Winline -Wmissing-declarations -Wmissing-prototypes -Wnested-externs -Wpointer-arith conftest.c >&5
configure:10608: $? = 0
configure:10608: result: yes
configure:10608: checking malloc.h presence
configure:10608: gcc -E  -Wall -Wcast-align -Wchar-subscripts -Wformat -Winline -Wmissing-declarations -Wmissing-prototypes -Wnested-externs -Wpointer-arith conftest.c
configure:10608: $? = 0
configure:10608: result: yes
configure:10608: checking for malloc.h
configure:10608: result: yes
configure:10620: checking sys/select.h usability
configure:10620: gcc -c -g -O2 -pthread  -Wall -Wcast-align -Wchar-subscripts -Wformat -Winline -Wmissing-declarations -Wmissing-prototypes -Wnested-externs -Wpointer-arith conftest.c >&5
configure:10620: $? = 0
configure:10620: result: yes
configure:10620: checking sys/select.h presence
configure:10620: gcc -E  -Wall -Wcast-align -Wchar-subscripts -Wformat -Winline -Wmissing-declarations -Wmissing-prototypes -Wnested-externs -Wpointer-arith conftest.c
configure:10620: $? = 0
configure:10620: result: yes
configure:10620: checking for sys/select.h
configure:10620: result: yes
configure:10632: checking for sys/types.h
configure:10632: result: yes
configure:10644: checking fcntl.h usability
configure:10644: gcc -c -g -O2 -pthread  -Wall -Wcast-align -Wchar-subscripts -Wformat -Winline -Wmissing-declarations -Wmissing-prototypes -Wnested-externs -Wpointer-arith conftest.c >&5
configure:10644: $? = 0
configure:10644: result: yes
configure:10644: checking fcntl.h presence
configure:10644: gcc -E  -Wall -Wcast-align -Wchar-subscripts -Wformat -Winline -Wmissing-declarations -Wmissing-prototypes -Wnested-externs -Wpointer-arith conftest.c
configure:10644: $? = 0
configure:10644: result: yes
configure:10644: checking for fcntl.h
configure:10644: result: yes
configure:10656: checking sys/soundcard.h usability
configure:10656: gcc -c -g -O2 -pthread  -Wall -Wcast-align -Wchar-subscripts -Wformat -Winline -Wmissing-declarations -Wmissing-prototypes -Wnested-externs -Wpointer-arith conftest.c >&5
configure:10656: $? = 0
configure:10656: result: yes
configure:10656: checking sys/soundcard.h presence
configure:10656: gcc -E  -Wall -Wcast-align -Wchar-subscripts -Wformat -Winline -Wmissing-declarations -Wmissing-prototypes -Wnested-externs -Wpointer-arith conftest.c
configure:10656: $? = 0
configure:10656: result: yes
configure:10656: checking for sys/soundcard.h
configure:10656: result: yes
configure:10668: checking arpa/inet.h usability
configure:10668: gcc -c -g -O2 -pthread  -Wall -Wcast-align -Wchar-subscripts -Wformat -Winline -Wmissing-declarations -Wmissing-prototypes -Wnested-externs -Wpointer-arith conftest.c >&5
configure:10668: $? = 0
configure:10668: result: yes
configure:10668: checking arpa/inet.h presence
configure:10668: gcc -E  -Wall -Wcast-align -Wchar-subscripts -Wformat -Winline -Wmissing-declarations -Wmissing-prototypes -Wnested-externs -Wpointer-arith conftest.c
configure:10668: $? = 0
configure:10668: result: yes
configure:10668: checking for arpa/inet.h
configure:10668: result: yes
configure:10680: checking arpa/nameser.h usability
configure:10680: gcc -c -g -O2 -pthread  -Wall -Wcast-align -Wchar-subscripts -Wformat -Winline -Wmissing-declarations -Wmissing-prototypes -Wnested-externs -Wpointer-arith conftest.c >&5
configure:10680: $? = 0
configure:10680: result: yes
configure:10680: checking arpa/nameser.h presence
configure:10680: gcc -E  -Wall -Wcast-align -Wchar-subscripts -Wformat -Winline -Wmissing-declarations -Wmissing-prototypes -Wnested-externs -Wpointer-arith conftest.c
configure:10680: $? = 0
configure:10680: result: yes
configure:10680: checking for arpa/nameser.h
configure:10680: result: yes
configure:10692: checking netdb.h usability
configure:10692: gcc -c -g -O2 -pthread  -Wall -Wcast-align -Wchar-subscripts -Wformat -Winline -Wmissing-declarations -Wmissing-prototypes -Wnested-externs -Wpointer-arith conftest.c >&5
configure:10692: $? = 0
configure:10692: result: yes
configure:10692: checking netdb.h presence
configure:10692: gcc -E  -Wall -Wcast-align -Wchar-subscripts -Wformat -Winline -Wmissing-declarations -Wmissing-prototypes -Wnested-externs -Wpointer-arith conftest.c
configure:10692: $? = 0
configure:10692: result: yes
configure:10692: checking for netdb.h
configure:10692: result: yes
configure:10704: checking nameser8_compat.h usability
configure:10704: gcc -c -g -O2 -pthread  -Wall -Wcast-align -Wchar-subscripts -Wformat -Winline -Wmissing-declarations -Wmissing-prototypes -Wnested-externs -Wpointer-arith conftest.c >&5
conftest.c:81:10: fatal error: nameser8_compat.h: No such file or directory
   81 | #include <nameser8_compat.h>
      |          ^~~~~~~~~~~~~~~~~~~
compilation terminated.
configure:10704: $? = 1
configure: failed program was:
| /* confdefs.h */
| #define PACKAGE_NAME "libeXosip2"
| #define PACKAGE_TARNAME "libexosip2"
| #define PACKAGE_VERSION "5.0.0"
| #define PACKAGE_STRING "libeXosip2 5.0.0"
| #define PACKAGE_BUGREPORT ""
| #define PACKAGE_URL ""
| #define PACKAGE "libexosip2"
| #define VERSION "5.0.0"
| #define STDC_HEADERS 1
| #define HAVE_SYS_TYPES_H 1
| #define HAVE_SYS_STAT_H 1
| #define HAVE_STDLIB_H 1
| #define HAVE_STRING_H 1
| #define HAVE_MEMORY_H 1
| #define HAVE_STRINGS_H 1
| #define HAVE_INTTYPES_H 1
| #define HAVE_STDINT_H 1
| #define HAVE_UNISTD_H 1
| #define HAVE_DLFCN_H 1
| #define LT_OBJDIR ".libs/"
| #define HAVE_PTHREAD_PRIO_INHERIT 1
| #define HAVE_PTHREAD 1
| #define HAVE_SEMAPHORE_H 1
| #define HAVE_SYS_SEM_H 1
| #define STDC_HEADERS 1
| #define HAVE_CTYPE_H 1
| #define HAVE_STRING_H 1
| #define HAVE_STRINGS_H 1
| #define HAVE_STDIO_H 1
| #define HAVE_STDLIB_H 1
| #define HAVE_LIMITS_H 1
| #define HAVE_UNISTD_H 1
| #define HAVE_STDARG_H 1
| #define HAVE_SYS_TIME_H 1
| #define HAVE_ASSERT_H 1
| #define HAVE_SIGNAL_H 1
| #define HAVE_SYS_SIGNAL_H 1
| #define HAVE_MALLOC_H 1
| #define HAVE_SYS_SELECT_H 1
| #define HAVE_SYS_TYPES_H 1
| #define HAVE_FCNTL_H 1
| #define HAVE_SYS_SOUNDCARD_H 1
| #define HAVE_ARPA_INET_H 1
| #define HAVE_ARPA_NAMESER_H 1
| #define HAVE_NETDB_H 1
| /* end confdefs.h.  */
| #include <stdio.h>
| #ifdef HAVE_SYS_TYPES_H
| # include <sys/types.h>
| #endif
| #ifdef HAVE_SYS_STAT_H
| # include <sys/stat.h>
| #endif
| #ifdef STDC_HEADERS
| # include <stdlib.h>
| # include <stddef.h>
| #else
| # ifdef HAVE_STDLIB_H
| #  include <stdlib.h>
| # endif
| #endif
| #ifdef HAVE_STRING_H
| # if !defined STDC_HEADERS && defined HAVE_MEMORY_H
| #  include <memory.h>
| # endif
| # include <string.h>
| #endif
| #ifdef HAVE_STRINGS_H
| # include <strings.h>
| #endif
| #ifdef HAVE_INTTYPES_H
| # include <inttypes.h>
| #endif
| #ifdef HAVE_STDINT_H
| # include <stdint.h>
| #endif
| #ifdef HAVE_UNISTD_H
| # include <unistd.h>
| #endif
| #include <nameser8_compat.h>
configure:10704: result: no
configure:10704: checking nameser8_compat.h presence
configure:10704: gcc -E  -Wall -Wcast-align -Wchar-subscripts -Wformat -Winline -Wmissing-declarations -Wmissing-prototypes -Wnested-externs -Wpointer-arith conftest.c
conftest.c:48:10: fatal error: nameser8_compat.h: No such file or directory
   48 | #include <nameser8_compat.h>
      |          ^~~~~~~~~~~~~~~~~~~
compilation terminated.
configure:10704: $? = 1
configure: failed program was:
| /* confdefs.h */
| #define PACKAGE_NAME "libeXosip2"
| #define PACKAGE_TARNAME "libexosip2"
| #define PACKAGE_VERSION "5.0.0"
| #define PACKAGE_STRING "libeXosip2 5.0.0"
| #define PACKAGE_BUGREPORT ""
| #define PACKAGE_URL ""
| #define PACKAGE "libexosip2"
| #define VERSION "5.0.0"
| #define STDC_HEADERS 1
| #define HAVE_SYS_TYPES_H 1
| #define HAVE_SYS_STAT_H 1
| #define HAVE_STDLIB_H 1
| #define HAVE_STRING_H 1
| #define HAVE_MEMORY_H 1
| #define HAVE_STRINGS_H 1
| #define HAVE_INTTYPES_H 1
| #define HAVE_STDINT_H 1
| #define HAVE_UNISTD_H 1
| #define HAVE_DLFCN_H 1
| #define LT_OBJDIR ".libs/"
| #define HAVE_PTHREAD_PRIO_INHERIT 1
| #define HAVE_PTHREAD 1
| #define HAVE_SEMAPHORE_H 1
| #define HAVE_SYS_SEM_H 1
| #define STDC_HEADERS 1
| #define HAVE_CTYPE_H 1
| #define HAVE_STRING_H 1
| #define HAVE_STRINGS_H 1
| #define HAVE_STDIO_H 1
| #define HAVE_STDLIB_H 1
| #define HAVE_LIMITS_H 1
| #define HAVE_UNISTD_H 1
| #define HAVE_STDARG_H 1
| #define HAVE_SYS_TIME_H 1
| #define HAVE_ASSERT_H 1
| #define HAVE_SIGNAL_H 1
| #define HAVE_SYS_SIGNAL_H 1
| #define HAVE_MALLOC_H 1
| #define HAVE_SYS_SELECT_H 1
| #define HAVE_SYS_TYPES_H 1
| #define HAVE_FCNTL_H 1
| #define HAVE_SYS_SOUNDCARD_H 1
| #define HAVE_ARPA_INET_H 1
| #define HAVE_ARPA_NAMESER_H 1
| #define HAVE_NETDB_H 1
| /* end confdefs.h.  */
| #include <nameser8_compat.h>
configure:10704: result: no
configure:10704: checking for nameser8_compat.h
configure:10704: result: no
configure:10716: checking arpa/nameser_compat.h usability
configure:10716: gcc -c -g -O2 -pthread  -Wall -Wcast-align -Wchar-subscripts -Wformat -Winline -Wmissing-declarations -Wmissing-prototypes -Wnested-externs -Wpointer-arith conftest.c >&5
configure:10716: $? = 0
configure:10716: result: yes
configure:10716: checking arpa/nameser_compat.h presence
configure:10716: gcc -E  -Wall -Wcast-align -Wchar-subscripts -Wformat -Winline -Wmissing-declarations -Wmissing-prototypes -Wnested-externs -Wpointer-arith conftest.c
configure:10716: $? = 0
configure:10716: result: yes
configure:10716: checking for arpa/nameser_compat.h
configure:10716: result: yes
configure:10728: checking netinet/tcp.h usability
configure:10728: gcc -c -g -O2 -pthread  -Wall -Wcast-align -Wchar-subscripts -Wformat -Winline -Wmissing-declarations -Wmissing-prototypes -Wnested-externs -Wpointer-arith conftest.c >&5
configure:10728: $? = 0
configure:10728: result: yes
configure:10728: checking netinet/tcp.h presence
configure:10728: gcc -E  -Wall -Wcast-align -Wchar-subscripts -Wformat -Winline -Wmissing-declarations -Wmissing-prototypes -Wnested-externs -Wpointer-arith conftest.c
configure:10728: $? = 0
configure:10728: result: yes
configure:10728: checking for netinet/tcp.h
configure:10728: result: yes
configure:10741: checking for resolv.h
configure:10741: gcc -c -g -O2 -pthread  -Wall -Wcast-align -Wchar-subscripts -Wformat -Winline -Wmissing-declarations -Wmissing-prototypes -Wnested-externs -Wpointer-arith conftest.c >&5
configure:10741: $? = 0
configure:10741: result: yes
configure:10764: checking for getifaddrs
configure:10764: gcc -o conftest -g -O2 -pthread  -Wall -Wcast-align -Wchar-subscripts -Wformat -Winline -Wmissing-declarations -Wmissing-prototypes -Wnested-externs -Wpointer-arith  conftest.c   >&5
configure:10764: $? = 0
configure:10764: result: yes
configure:10777: checking for SSL
configure:10784: $PKG_CONFIG --exists --print-errors "openssl"
Package openssl was not found in the pkg-config search path.
Perhaps you should add the directory containing `openssl.pc'
to the PKG_CONFIG_PATH environment variable
No package 'openssl' found
configure:10787: $? = 1
configure:10801: $PKG_CONFIG --exists --print-errors "openssl"
Package openssl was not found in the pkg-config search path.
Perhaps you should add the directory containing `openssl.pc'
to the PKG_CONFIG_PATH environment variable
No package 'openssl' found
configure:10804: $? = 1
configure:10818: result: no
No package 'openssl' found
configure:10835: WARNING: can not find openssl with pkgconfig
configure:10839: checking openssl/ssl.h usability
configure:10839: gcc -c -g -O2 -pthread  -Wall -Wcast-align -Wchar-subscripts -Wformat -Winline -Wmissing-declarations -Wmissing-prototypes -Wnested-externs -Wpointer-arith conftest.c >&5
conftest.c:85:10: fatal error: openssl/ssl.h: No such file or directory
   85 | #include <openssl/ssl.h>
      |          ^~~~~~~~~~~~~~~
compilation terminated.
configure:10839: $? = 1
configure: failed program was:
| /* confdefs.h */
| #define PACKAGE_NAME "libeXosip2"
| #define PACKAGE_TARNAME "libexosip2"
| #define PACKAGE_VERSION "5.0.0"
| #define PACKAGE_STRING "libeXosip2 5.0.0"
| #define PACKAGE_BUGREPORT ""
| #define PACKAGE_URL ""
| #define PACKAGE "libexosip2"
| #define VERSION "5.0.0"
| #define STDC_HEADERS 1
| #define HAVE_SYS_TYPES_H 1
| #define HAVE_SYS_STAT_H 1
| #define HAVE_STDLIB_H 1
| #define HAVE_STRING_H 1
| #define HAVE_MEMORY_H 1
| #define HAVE_STRINGS_H 1
| #define HAVE_INTTYPES_H 1
| #define HAVE_STDINT_H 1
| #define HAVE_UNISTD_H 1
| #define HAVE_DLFCN_H 1
| #define LT_OBJDIR ".libs/"
| #define HAVE_PTHREAD_PRIO_INHERIT 1
| #define HAVE_PTHREAD 1
| #define HAVE_SEMAPHORE_H 1
| #define HAVE_SYS_SEM_H 1
| #define STDC_HEADERS 1
| #define HAVE_CTYPE_H 1
| #define HAVE_STRING_H 1
| #define HAVE_STRINGS_H 1
| #define HAVE_STDIO_H 1
| #define HAVE_STDLIB_H 1
| #define HAVE_LIMITS_H 1
| #define HAVE_UNISTD_H 1
| #define HAVE_STDARG_H 1
| #define HAVE_SYS_TIME_H 1
| #define HAVE_ASSERT_H 1
| #define HAVE_SIGNAL_H 1
| #define HAVE_SYS_SIGNAL_H 1
| #define HAVE_MALLOC_H 1
| #define HAVE_SYS_SELECT_H 1
| #define HAVE_SYS_TYPES_H 1
| #define HAVE_FCNTL_H 1
| #define HAVE_SYS_SOUNDCARD_H 1
| #define HAVE_ARPA_INET_H 1
| #define HAVE_ARPA_NAMESER_H 1
| #define HAVE_NETDB_H 1
| #define HAVE_ARPA_NAMESER_COMPAT_H 1
| #define HAVE_NETINET_TCP_H 1
| #define HAVE_RESOLV_H 1
| #define HAVE_GETIFADDRS 1
| /* end confdefs.h.  */
| #include <stdio.h>
| #ifdef HAVE_SYS_TYPES_H
| # include <sys/types.h>
| #endif
| #ifdef HAVE_SYS_STAT_H
| # include <sys/stat.h>
| #endif
| #ifdef STDC_HEADERS
| # include <stdlib.h>
| # include <stddef.h>
| #else
| # ifdef HAVE_STDLIB_H
| #  include <stdlib.h>
| # endif
| #endif
| #ifdef HAVE_STRING_H
| # if !defined STDC_HEADERS && defined HAVE_MEMORY_H
| #  include <memory.h>
| # endif
| # include <string.h>
| #endif
| #ifdef HAVE_STRINGS_H
| # include <strings.h>
| #endif
| #ifdef HAVE_INTTYPES_H
| # include <inttypes.h>
| #endif
| #ifdef HAVE_STDINT_H
| # include <stdint.h>
| #endif
| #ifdef HAVE_UNISTD_H
| # include <unistd.h>
| #endif
| #include <openssl/ssl.h>
configure:10839: result: no
configure:10839: checking openssl/ssl.h presence
configure:10839: gcc -E  -Wall -Wcast-align -Wchar-subscripts -Wformat -Winline -Wmissing-declarations -Wmissing-prototypes -Wnested-externs -Wpointer-arith conftest.c
conftest.c:52:10: fatal error: openssl/ssl.h: No such file or directory
   52 | #include <openssl/ssl.h>
      |          ^~~~~~~~~~~~~~~
compilation terminated.
configure:10839: $? = 1
configure: failed program was:
| /* confdefs.h */
| #define PACKAGE_NAME "libeXosip2"
| #define PACKAGE_TARNAME "libexosip2"
| #define PACKAGE_VERSION "5.0.0"
| #define PACKAGE_STRING "libeXosip2 5.0.0"
| #define PACKAGE_BUGREPORT ""
| #define PACKAGE_URL ""
| #define PACKAGE "libexosip2"
| #define VERSION "5.0.0"
| #define STDC_HEADERS 1
| #define HAVE_SYS_TYPES_H 1
| #define HAVE_SYS_STAT_H 1
| #define HAVE_STDLIB_H 1
| #define HAVE_STRING_H 1
| #define HAVE_MEMORY_H 1
| #define HAVE_STRINGS_H 1
| #define HAVE_INTTYPES_H 1
| #define HAVE_STDINT_H 1
| #define HAVE_UNISTD_H 1
| #define HAVE_DLFCN_H 1
| #define LT_OBJDIR ".libs/"
| #define HAVE_PTHREAD_PRIO_INHERIT 1
| #define HAVE_PTHREAD 1
| #define HAVE_SEMAPHORE_H 1
| #define HAVE_SYS_SEM_H 1
| #define STDC_HEADERS 1
| #define HAVE_CTYPE_H 1
| #define HAVE_STRING_H 1
| #define HAVE_STRINGS_H 1
| #define HAVE_STDIO_H 1
| #define HAVE_STDLIB_H 1
| #define HAVE_LIMITS_H 1
| #define HAVE_UNISTD_H 1
| #define HAVE_STDARG_H 1
| #define HAVE_SYS_TIME_H 1
| #define HAVE_ASSERT_H 1
| #define HAVE_SIGNAL_H 1
| #define HAVE_SYS_SIGNAL_H 1
| #define HAVE_MALLOC_H 1
| #define HAVE_SYS_SELECT_H 1
| #define HAVE_SYS_TYPES_H 1
| #define HAVE_FCNTL_H 1
| #define HAVE_SYS_SOUNDCARD_H 1
| #define HAVE_ARPA_INET_H 1
| #define HAVE_ARPA_NAMESER_H 1
| #define HAVE_NETDB_H 1
| #define HAVE_ARPA_NAMESER_COMPAT_H 1
| #define HAVE_NETINET_TCP_H 1
| #define HAVE_RESOLV_H 1
| #define HAVE_GETIFADDRS 1
| /* end confdefs.h.  */
| #include <openssl/ssl.h>
configure:10839: result: no
configure:10839: checking for openssl/ssl.h
configure:10839: result: no
configure:10849: checking for SSL_CTX_new in -lssl
configure:10874: gcc -o conftest -g -O2 -pthread  -Wall -Wcast-align -Wchar-subscripts -Wformat -Winline -Wmissing-declarations -Wmissing-prototypes -Wnested-externs -Wpointer-arith  conftest.c -lssl    >&5
/usr/bin/ld: cannot find -lssl
collect2: error: ld returned 1 exit status
configure:10874: $? = 1
configure: failed program was:
| /* confdefs.h */
| #define PACKAGE_NAME "libeXosip2"
| #define PACKAGE_TARNAME "libexosip2"
| #define PACKAGE_VERSION "5.0.0"
| #define PACKAGE_STRING "libeXosip2 5.0.0"
| #define PACKAGE_BUGREPORT ""
| #define PACKAGE_URL ""
| #define PACKAGE "libexosip2"
| #define VERSION "5.0.0"
| #define STDC_HEADERS 1
| #define HAVE_SYS_TYPES_H 1
| #define HAVE_SYS_STAT_H 1
| #define HAVE_STDLIB_H 1
| #define HAVE_STRING_H 1
| #define HAVE_MEMORY_H 1
| #define HAVE_STRINGS_H 1
| #define HAVE_INTTYPES_H 1
| #define HAVE_STDINT_H 1
| #define HAVE_UNISTD_H 1
| #define HAVE_DLFCN_H 1
| #define LT_OBJDIR ".libs/"
| #define HAVE_PTHREAD_PRIO_INHERIT 1
| #define HAVE_PTHREAD 1
| #define HAVE_SEMAPHORE_H 1
| #define HAVE_SYS_SEM_H 1
| #define STDC_HEADERS 1
| #define HAVE_CTYPE_H 1
| #define HAVE_STRING_H 1
| #define HAVE_STRINGS_H 1
| #define HAVE_STDIO_H 1
| #define HAVE_STDLIB_H 1
| #define HAVE_LIMITS_H 1
| #define HAVE_UNISTD_H 1
| #define HAVE_STDARG_H 1
| #define HAVE_SYS_TIME_H 1
| #define HAVE_ASSERT_H 1
| #define HAVE_SIGNAL_H 1
| #define HAVE_SYS_SIGNAL_H 1
| #define HAVE_MALLOC_H 1
| #define HAVE_SYS_SELECT_H 1
| #define HAVE_SYS_TYPES_H 1
| #define HAVE_FCNTL_H 1
| #define HAVE_SYS_SOUNDCARD_H 1
| #define HAVE_ARPA_INET_H 1
| #define HAVE_ARPA_NAMESER_H 1
| #define HAVE_NETDB_H 1
| #define HAVE_ARPA_NAMESER_COMPAT_H 1
| #define HAVE_NETINET_TCP_H 1
| #define HAVE_RESOLV_H 1
| #define HAVE_GETIFADDRS 1
| /* end confdefs.h.  */
| 
| /* Override any GCC internal prototype to avoid an error.
|    Use char because int might match the return type of a GCC
|    builtin and then its argument prototype would still apply.  */
| #ifdef __cplusplus
| extern "C"
| #endif
| char SSL_CTX_new ();
| int
| main ()
| {
| return SSL_CTX_new ();
|   ;
|   return 0;
| }
configure:10883: result: no
configure:10889: checking for MD5 in -lcrypto
configure:10914: gcc -o conftest -g -O2 -pthread  -Wall -Wcast-align -Wchar-subscripts -Wformat -Winline -Wmissing-declarations -Wmissing-prototypes -Wnested-externs -Wpointer-arith  conftest.c -lcrypto    >&5
/usr/bin/ld: cannot find -lcrypto
collect2: error: ld returned 1 exit status
configure:10914: $? = 1
configure: failed program was:
| /* confdefs.h */
| #define PACKAGE_NAME "libeXosip2"
| #define PACKAGE_TARNAME "libexosip2"
| #define PACKAGE_VERSION "5.0.0"
| #define PACKAGE_STRING "libeXosip2 5.0.0"
| #define PACKAGE_BUGREPORT ""
| #define PACKAGE_URL ""
| #define PACKAGE "libexosip2"
| #define VERSION "5.0.0"
| #define STDC_HEADERS 1
| #define HAVE_SYS_TYPES_H 1
| #define HAVE_SYS_STAT_H 1
| #define HAVE_STDLIB_H 1
| #define HAVE_STRING_H 1
| #define HAVE_MEMORY_H 1
| #define HAVE_STRINGS_H 1
| #define HAVE_INTTYPES_H 1
| #define HAVE_STDINT_H 1
| #define HAVE_UNISTD_H 1
| #define HAVE_DLFCN_H 1
| #define LT_OBJDIR ".libs/"
| #define HAVE_PTHREAD_PRIO_INHERIT 1
| #define HAVE_PTHREAD 1
| #define HAVE_SEMAPHORE_H 1
| #define HAVE_SYS_SEM_H 1
| #define STDC_HEADERS 1
| #define HAVE_CTYPE_H 1
| #define HAVE_STRING_H 1
| #define HAVE_STRINGS_H 1
| #define HAVE_STDIO_H 1
| #define HAVE_STDLIB_H 1
| #define HAVE_LIMITS_H 1
| #define HAVE_UNISTD_H 1
| #define HAVE_STDARG_H 1
| #define HAVE_SYS_TIME_H 1
| #define HAVE_ASSERT_H 1
| #define HAVE_SIGNAL_H 1
| #define HAVE_SYS_SIGNAL_H 1
| #define HAVE_MALLOC_H 1
| #define HAVE_SYS_SELECT_H 1
| #define HAVE_SYS_TYPES_H 1
| #define HAVE_FCNTL_H 1
| #define HAVE_SYS_SOUNDCARD_H 1
| #define HAVE_ARPA_INET_H 1
| #define HAVE_ARPA_NAMESER_H 1
| #define HAVE_NETDB_H 1
| #define HAVE_ARPA_NAMESER_COMPAT_H 1
| #define HAVE_NETINET_TCP_H 1
| #define HAVE_RESOLV_H 1
| #define HAVE_GETIFADDRS 1
| /* end confdefs.h.  */
| 
| /* Override any GCC internal prototype to avoid an error.
|    Use char because int might match the return type of a GCC
|    builtin and then its argument prototype would still apply.  */
| #ifdef __cplusplus
| extern "C"
| #endif
| char MD5 ();
| int
| main ()
| {
| return MD5 ();
|   ;
|   return 0;
| }
configure:10923: result: no
configure:11164: checking that generated files are newer than configure
configure:11170: result: done
configure:11201: creating ./config.status

## ---------------- ##
## Cache variables. ##
## ---------------- ##

Wall_cv_flag=yes
Wcast_align_cv_flag=yes
Wchar_subscripts_cv_flag=yes
Wformat_cv_flag=yes
Winline_cv_flag=yes
Wmissing_declarations_cv_flag=yes
Wmissing_prototypes_cv_flag=yes
Wnested_externs_cv_flag=yes
Wpointer_arith_cv_flag=yes
ac_cv_build=x86_64-pc-linux-gnu
ac_cv_c_compiler_gnu=yes
ac_cv_env_CC_set=
ac_cv_env_CC_value=
ac_cv_env_CFLAGS_set=
ac_cv_env_CFLAGS_value=
ac_cv_env_CPPFLAGS_set=
ac_cv_env_CPPFLAGS_value=
ac_cv_env_CPP_set=
ac_cv_env_CPP_value=
ac_cv_env_LDFLAGS_set=
ac_cv_env_LDFLAGS_value=
ac_cv_env_LIBS_set=
ac_cv_env_LIBS_value=
ac_cv_env_LT_SYS_LIBRARY_PATH_set=
ac_cv_env_LT_SYS_LIBRARY_PATH_value=
ac_cv_env_OSIP_CFLAGS_set=
ac_cv_env_OSIP_CFLAGS_value=
ac_cv_env_OSIP_LIBS_set=
ac_cv_env_OSIP_LIBS_value=
ac_cv_env_PKG_CONFIG_LIBDIR_set=
ac_cv_env_PKG_CONFIG_LIBDIR_value=
ac_cv_env_PKG_CONFIG_PATH_set=
ac_cv_env_PKG_CONFIG_PATH_value=
ac_cv_env_PKG_CONFIG_set=
ac_cv_env_PKG_CONFIG_value=
ac_cv_env_SSL_CFLAGS_set=
ac_cv_env_SSL_CFLAGS_value=
ac_cv_env_SSL_LIBS_set=
ac_cv_env_SSL_LIBS_value=
ac_cv_env_build_alias_set=
ac_cv_env_build_alias_value=
ac_cv_env_host_alias_set=
ac_cv_env_host_alias_value=
ac_cv_env_target_alias_set=
ac_cv_env_target_alias_value=
ac_cv_func_getifaddrs=yes
ac_cv_header_arpa_inet_h=yes
ac_cv_header_arpa_nameser_compat_h=yes
ac_cv_header_arpa_nameser_h=yes
ac_cv_header_assert_h=yes
ac_cv_header_ctype_h=yes
ac_cv_header_dlfcn_h=yes
ac_cv_header_fcntl_h=yes
ac_cv_header_inttypes_h=yes
ac_cv_header_limits_h=yes
ac_cv_header_malloc_h=yes
ac_cv_header_memory_h=yes
ac_cv_header_nameser8_compat_h=no
ac_cv_header_netdb_h=yes
ac_cv_header_netinet_tcp_h=yes
ac_cv_header_openssl_ssl_h=no
ac_cv_header_resolv_h=yes
ac_cv_header_semaphore_h=yes
ac_cv_header_signal_h=yes
ac_cv_header_stdarg_h=yes
ac_cv_header_stdc=yes
ac_cv_header_stdint_h=yes
ac_cv_header_stdio_h=yes
ac_cv_header_stdlib_h=yes
ac_cv_header_string_h=yes
ac_cv_header_strings_h=yes
ac_cv_header_sys_select_h=yes
ac_cv_header_sys_sem_h=yes
ac_cv_header_sys_signal_h=yes
ac_cv_header_sys_soundcard_h=yes
ac_cv_header_sys_stat_h=yes
ac_cv_header_sys_time_h=yes
ac_cv_header_sys_types_h=yes
ac_cv_header_unistd_h=yes
ac_cv_header_varargs_h=no
ac_cv_host=x86_64-pc-linux-gnu
ac_cv_lib_cares_ares_init=no
ac_cv_lib_crypto_MD5=no
ac_cv_lib_nsl_nis_add=yes
ac_cv_lib_posix4_sem_open=no
ac_cv_lib_resolv___res_query=yes
ac_cv_lib_resolv_res_query=no
ac_cv_lib_rt_clock_gettime=yes
ac_cv_lib_socket_sendto=no
ac_cv_lib_ssl_SSL_CTX_new=no
ac_cv_objext=o
ac_cv_path_EGREP='/usr/bin/grep -E'
ac_cv_path_FGREP='/usr/bin/grep -F'
ac_cv_path_GREP=/usr/bin/grep
ac_cv_path_SED=/usr/bin/sed
ac_cv_path_ac_pt_PKG_CONFIG=/usr/bin/pkg-config
ac_cv_path_install='/usr/bin/install -c'
ac_cv_path_lt_DD=/usr/bin/dd
ac_cv_path_mkdir=/usr/bin/mkdir
ac_cv_prog_AWK=mawk
ac_cv_prog_CPP='gcc -E'
ac_cv_prog_ac_ct_AR=ar
ac_cv_prog_ac_ct_CC=gcc
ac_cv_prog_ac_ct_MANIFEST_TOOL=mt
ac_cv_prog_ac_ct_OBJDUMP=objdump
ac_cv_prog_ac_ct_RANLIB=ranlib
ac_cv_prog_ac_ct_STRIP=strip
ac_cv_prog_cc_c89=
ac_cv_prog_cc_g=yes
ac_cv_prog_make_make_set=yes
am_cv_CC_dependencies_compiler_type=gcc3
am_cv_make_support_nested_variables=yes
am_cv_prog_cc_c_o=yes
ax_cv_PTHREAD_PRIO_INHERIT=yes
lt_cv_ar_at_file=@
lt_cv_archive_cmds_need_lc=no
lt_cv_deplibs_check_method=pass_all
lt_cv_file_magic_cmd='$MAGIC_CMD'
lt_cv_file_magic_test_file=
lt_cv_ld_reload_flag=-r
lt_cv_nm_interface='BSD nm'
lt_cv_objdir=.libs
lt_cv_path_LD=/usr/bin/ld
lt_cv_path_NM='/usr/bin/nm -B'
lt_cv_path_mainfest_tool=no
lt_cv_prog_compiler_c_o=yes
lt_cv_prog_compiler_pic='-fPIC -DPIC'
lt_cv_prog_compiler_pic_works=yes
lt_cv_prog_compiler_rtti_exceptions=no
lt_cv_prog_compiler_static_works=yes
lt_cv_prog_gnu_ld=yes
lt_cv_sharedlib_from_linklib_cmd='printf %s\n'
lt_cv_shlibpath_overrides_runpath=yes
lt_cv_sys_global_symbol_pipe='sed -n -e '\''s/^.*[	 ]\([ABCDGIRSTW][ABCDGIRSTW]*\)[	 ][	 ]*\([_A-Za-z][_A-Za-z0-9]*\)$/\1 \2 \2/p'\'' | sed '\''/ __gnu_lto/d'\'''
lt_cv_sys_global_symbol_to_c_name_address='sed -n -e '\''s/^: \(.*\) .*$/  {"\1", (void *) 0},/p'\'' -e '\''s/^[ABCDGIRSTW][ABCDGIRSTW]* .* \(.*\)$/  {"\1", (void *) \&\1},/p'\'''
lt_cv_sys_global_symbol_to_c_name_address_lib_prefix='sed -n -e '\''s/^: \(.*\) .*$/  {"\1", (void *) 0},/p'\'' -e '\''s/^[ABCDGIRSTW][ABCDGIRSTW]* .* \(lib.*\)$/  {"\1", (void *) \&\1},/p'\'' -e '\''s/^[ABCDGIRSTW][ABCDGIRSTW]* .* \(.*\)$/  {"lib\1", (void *) \&\1},/p'\'''
lt_cv_sys_global_symbol_to_cdecl='sed -n -e '\''s/^T .* \(.*\)$/extern int \1();/p'\'' -e '\''s/^[ABCDGIRSTW][ABCDGIRSTW]* .* \(.*\)$/extern char \1;/p'\'''
lt_cv_sys_global_symbol_to_import=
lt_cv_sys_max_cmd_len=1572864
lt_cv_to_host_file_cmd=func_convert_file_noop
lt_cv_to_tool_file_cmd=func_convert_file_noop
lt_cv_truncate_bin='/usr/bin/dd bs=4096 count=1'
pkg_cv_OSIP_CFLAGS=-I/usr/local/include
pkg_cv_OSIP_LIBS='-L/usr/local/lib -losipparser2 -losip2'

## ----------------- ##
## Output variables. ##
## ----------------- ##

ACLOCAL='${SHELL} /home/liugc/Desktop/GB28181Server/库源码/exosip/osiplib/exosip/scripts/missing aclocal-1.16'
AMDEPBACKSLASH='\'
AMDEP_FALSE='#'
AMDEP_TRUE=''
AMTAR='$${TAR-tar}'
AM_BACKSLASH='\'
AM_DEFAULT_V='$(AM_DEFAULT_VERBOSITY)'
AM_DEFAULT_VERBOSITY='1'
AM_V='$(V)'
AR='ar'
AUTOCONF='${SHELL} /home/liugc/Desktop/GB28181Server/库源码/exosip/osiplib/exosip/scripts/missing autoconf'
AUTOHEADER='${SHELL} /home/liugc/Desktop/GB28181Server/库源码/exosip/osiplib/exosip/scripts/missing autoheader'
AUTOMAKE='${SHELL} /home/liugc/Desktop/GB28181Server/库源码/exosip/osiplib/exosip/scripts/missing automake-1.16'
AWK='mawk'
BUILD_MAXSIZE_FALSE='#'
BUILD_MAXSIZE_TRUE=''
CC='gcc'
CCDEPMODE='depmode=gcc3'
CFLAGS='-g -O2 -pthread'
COMPILE_TOOLS_FALSE='#'
COMPILE_TOOLS_TRUE=''
CPP='gcc -E'
CPPFLAGS=' -Wall -Wcast-align -Wchar-subscripts -Wformat -Winline -Wmissing-declarations -Wmissing-prototypes -Wnested-externs -Wpointer-arith'
CYGPATH_W='echo'
DEFS='-DHAVE_CONFIG_H'
DEPDIR='.deps'
DLLTOOL='false'
DSYMUTIL=''
DUMPBIN=''
ECHO_C=''
ECHO_N='-n'
ECHO_T=''
EGREP='/usr/bin/grep -E'
EXEEXT=''
EXOSIP_FLAGS=' -DENABLE_TRACE'
EXOSIP_LIB=' -lnsl -lrt -lresolv'
EXOSIP_VERSION=''
FGREP='/usr/bin/grep -F'
GREP='/usr/bin/grep'
INSTALL_DATA='${INSTALL} -m 644'
INSTALL_PROGRAM='${INSTALL}'
INSTALL_SCRIPT='${INSTALL}'
INSTALL_STRIP_PROGRAM='$(install_sh) -c -s'
LD='/usr/bin/ld -m elf_x86_64'
LDFLAGS=''
LIBEXOSIP_SO_VERSION='12:0:0'
LIBOBJS=''
LIBS=' '
LIBTOOL='$(SHELL) $(top_builddir)/libtool'
LIPO=''
LN_S='ln -s'
LTLIBOBJS=''
LT_SYS_LIBRARY_PATH=''
MAKEINFO='${SHELL} /home/liugc/Desktop/GB28181Server/库源码/exosip/osiplib/exosip/scripts/missing makeinfo'
MANIFEST_TOOL=':'
MKDIR_P='/usr/bin/mkdir -p'
NM='/usr/bin/nm -B'
NMEDIT=''
OBJDUMP='objdump'
OBJEXT='o'
OSIP_CFLAGS='-I/usr/local/include'
OSIP_LIBS='-L/usr/local/lib -losipparser2 -losip2'
OTOOL64=''
OTOOL=''
PACKAGE='libexosip2'
PACKAGE_BUGREPORT=''
PACKAGE_NAME='libeXosip2'
PACKAGE_STRING='libeXosip2 5.0.0'
PACKAGE_TARNAME='libexosip2'
PACKAGE_URL=''
PACKAGE_VERSION='5.0.0'
PATH_SEPARATOR=':'
PKG_CONFIG='/usr/bin/pkg-config'
PKG_CONFIG_LIBDIR=''
PKG_CONFIG_PATH=''
PTHREAD_CC='gcc'
PTHREAD_CFLAGS='-pthread'
PTHREAD_LIBS=''
RANLIB='ranlib'
SED='/usr/bin/sed'
SET_MAKE=''
SHELL='/bin/bash'
SSL_CFLAGS=''
SSL_LIBS=''
STRIP='strip'
VERSION='5.0.0'
ac_ct_AR='ar'
ac_ct_CC='gcc'
ac_ct_DUMPBIN=''
am__EXEEXT_FALSE=''
am__EXEEXT_TRUE='#'
am__fastdepCC_FALSE='#'
am__fastdepCC_TRUE=''
am__include='include'
am__isrc=''
am__leading_dot='.'
am__nodep='_no'
am__quote=''
am__tar='$${TAR-tar} chof - "$$tardir"'
am__untar='$${TAR-tar} xf -'
ax_pthread_config=''
bindir='${exec_prefix}/bin'
build='x86_64-pc-linux-gnu'
build_alias=''
build_cpu='x86_64'
build_os='linux-gnu'
build_vendor='pc'
datadir='${datarootdir}'
datarootdir='${prefix}/share'
docdir='${datarootdir}/doc/${PACKAGE_TARNAME}'
dvidir='${docdir}'
exec_prefix='${prefix}'
host='x86_64-pc-linux-gnu'
host_alias=''
host_cpu='x86_64'
host_os='linux-gnu'
host_vendor='pc'
htmldir='${docdir}'
includedir='${prefix}/include'
infodir='${datarootdir}/info'
install_sh='${SHELL} /home/liugc/Desktop/GB28181Server/库源码/exosip/osiplib/exosip/scripts/install-sh'
libdir='${exec_prefix}/lib'
libexecdir='${exec_prefix}/libexec'
localedir='${datarootdir}/locale'
localstatedir='${prefix}/var'
mandir='${datarootdir}/man'
mkdir_p='$(MKDIR_P)'
oldincludedir='/usr/include'
pdfdir='${docdir}'
prefix='/usr/local'
program_transform_name='s,x,x,'
psdir='${docdir}'
runstatedir='${localstatedir}/run'
sbindir='${exec_prefix}/sbin'
sharedstatedir='${prefix}/com'
sysconfdir='${prefix}/etc'
target_alias=''

## ----------- ##
## confdefs.h. ##
## ----------- ##

/* confdefs.h */
#define PACKAGE_NAME "libeXosip2"
#define PACKAGE_TARNAME "libexosip2"
#define PACKAGE_VERSION "5.0.0"
#define PACKAGE_STRING "libeXosip2 5.0.0"
#define PACKAGE_BUGREPORT ""
#define PACKAGE_URL ""
#define PACKAGE "libexosip2"
#define VERSION "5.0.0"
#define STDC_HEADERS 1
#define HAVE_SYS_TYPES_H 1
#define HAVE_SYS_STAT_H 1
#define HAVE_STDLIB_H 1
#define HAVE_STRING_H 1
#define HAVE_MEMORY_H 1
#define HAVE_STRINGS_H 1
#define HAVE_INTTYPES_H 1
#define HAVE_STDINT_H 1
#define HAVE_UNISTD_H 1
#define HAVE_DLFCN_H 1
#define LT_OBJDIR ".libs/"
#define HAVE_PTHREAD_PRIO_INHERIT 1
#define HAVE_PTHREAD 1
#define HAVE_SEMAPHORE_H 1
#define HAVE_SYS_SEM_H 1
#define STDC_HEADERS 1
#define HAVE_CTYPE_H 1
#define HAVE_STRING_H 1
#define HAVE_STRINGS_H 1
#define HAVE_STDIO_H 1
#define HAVE_STDLIB_H 1
#define HAVE_LIMITS_H 1
#define HAVE_UNISTD_H 1
#define HAVE_STDARG_H 1
#define HAVE_SYS_TIME_H 1
#define HAVE_ASSERT_H 1
#define HAVE_SIGNAL_H 1
#define HAVE_SYS_SIGNAL_H 1
#define HAVE_MALLOC_H 1
#define HAVE_SYS_SELECT_H 1
#define HAVE_SYS_TYPES_H 1
#define HAVE_FCNTL_H 1
#define HAVE_SYS_SOUNDCARD_H 1
#define HAVE_ARPA_INET_H 1
#define HAVE_ARPA_NAMESER_H 1
#define HAVE_NETDB_H 1
#define HAVE_ARPA_NAMESER_COMPAT_H 1
#define HAVE_NETINET_TCP_H 1
#define HAVE_RESOLV_H 1
#define HAVE_GETIFADDRS 1
#define SRV_RECORD 1

configure: exit 0

## ---------------------- ##
## Running config.status. ##
## ---------------------- ##

This file was extended by libeXosip2 config.status 5.0.0, which was
generated by GNU Autoconf 2.69.  Invocation command line was

  CONFIG_FILES    = 
  CONFIG_HEADERS  = 
  CONFIG_LINKS    = 
  CONFIG_COMMANDS = 
  $ ./config.status 

on ubuntu

config.status:1139: creating Makefile
config.status:1139: creating scripts/Makefile
config.status:1139: creating platform/Makefile
config.status:1139: creating platform/vsnet/Makefile
config.status:1139: creating include/Makefile
config.status:1139: creating include/eXosip2/Makefile
config.status:1139: creating src/Makefile
config.status:1139: creating tools/Makefile
config.status:1139: creating help/Makefile
config.status:1139: creating help/doxygen/Makefile
config.status:1139: creating help/doxygen/doxygen.dox
config.status:1139: creating exosip-config.h
config.status:1368: executing depfiles commands
config.status:1445: cd src       && sed -e '/# am--include-marker/d' Makefile         | make -f - am--depfiles
make[1]: Entering directory '/home/liugc/Desktop/GB28181Server/库源码/exosip/osiplib/exosip/src'
make[1]: Nothing to be done for 'am--depfiles'.
make[1]: Leaving directory '/home/liugc/Desktop/GB28181Server/库源码/exosip/osiplib/exosip/src'
config.status:1450: $? = 0
config.status:1445: cd tools       && sed -e '/# am--include-marker/d' Makefile         | make -f - am--depfiles
make[1]: Entering directory '/home/liugc/Desktop/GB28181Server/库源码/exosip/osiplib/exosip/tools'
make[1]: Nothing to be done for 'am--depfiles'.
make[1]: Leaving directory '/home/liugc/Desktop/GB28181Server/库源码/exosip/osiplib/exosip/tools'
config.status:1450: $? = 0
config.status:1368: executing libtool commands
