This file contains any messages produced by compilers while
running configure, to aid debugging if configure makes a mistake.

It was created by libosip2 configure 5.0.0, which was
generated by GNU Autoconf 2.69.  Invocation command line was

  $ ./configure --no-create --no-recursion

## --------- ##
## Platform. ##
## --------- ##

hostname = ubuntu
uname -m = x86_64
uname -r = 5.15.0-87-generic
uname -s = Linux
uname -v = #97~20.04.1-Ubuntu SMP Thu Oct 5 08:25:28 UTC 2023

/usr/bin/uname -p = x86_64
/bin/uname -X     = unknown

/bin/arch              = x86_64
/usr/bin/arch -k       = unknown
/usr/convex/getsysinfo = unknown
/usr/bin/hostinfo      = unknown
/bin/machine           = unknown
/usr/bin/oslevel       = unknown
/bin/universe          = unknown

PATH: /usr/local/sbin
PATH: /usr/local/bin
PATH: /usr/sbin
PATH: /usr/bin
PATH: /sbin
PATH: /bin
PATH: /usr/games
PATH: /usr/local/games
PATH: /snap/bin


## ----------- ##
## Core tests. ##
## ----------- ##

configure:2315: libosip2                The GNU Open SIP library.
configure:2317: Copyright (C) 2001-2015 Aymeric MOIZARD - <amoizard@antisip.com>
configure:2325: result: Configuring  
configure:2328: result: Building Package on linux
configure:2379: checking for a BSD-compatible install
configure:2447: result: /usr/bin/install -c
configure:2458: checking whether build environment is sane
configure:2513: result: yes
configure:2662: checking for a thread-safe mkdir -p
configure:2701: result: /usr/bin/mkdir -p
configure:2708: checking for gawk
configure:2738: result: no
configure:2708: checking for mawk
configure:2724: found /usr/bin/mawk
configure:2735: result: mawk
configure:2746: checking whether make sets $(MAKE)
configure:2768: result: yes
configure:2797: checking whether make supports nested variables
configure:2814: result: yes
configure:2946: checking build system type
configure:2960: result: x86_64-pc-linux-gnu
configure:2980: checking host system type
configure:2993: result: x86_64-pc-linux-gnu
configure:3063: checking for gcc
configure:3079: found /usr/bin/gcc
configure:3090: result: gcc
configure:3319: checking for C compiler version
configure:3328: gcc --version >&5
gcc (Ubuntu 9.4.0-1ubuntu1~20.04.2) 9.4.0
Copyright (C) 2019 Free Software Foundation, Inc.
This is free software; see the source for copying conditions.  There is NO
warranty; not even for MERCHANTABILITY or FITNESS FOR A PARTICULAR PURPOSE.

configure:3339: $? = 0
configure:3328: gcc -v >&5
Using built-in specs.
COLLECT_GCC=gcc
COLLECT_LTO_WRAPPER=/usr/lib/gcc/x86_64-linux-gnu/9/lto-wrapper
OFFLOAD_TARGET_NAMES=nvptx-none:hsa
OFFLOAD_TARGET_DEFAULT=1
Target: x86_64-linux-gnu
Configured with: ../src/configure -v --with-pkgversion='Ubuntu 9.4.0-1ubuntu1~20.04.2' --with-bugurl=file:///usr/share/doc/gcc-9/README.Bugs --enable-languages=c,ada,c++,go,brig,d,fortran,objc,obj-c++,gm2 --prefix=/usr --with-gcc-major-version-only --program-suffix=-9 --program-prefix=x86_64-linux-gnu- --enable-shared --enable-linker-build-id --libexecdir=/usr/lib --without-included-gettext --enable-threads=posix --libdir=/usr/lib --enable-nls --enable-clocale=gnu --enable-libstdcxx-debug --enable-libstdcxx-time=yes --with-default-libstdcxx-abi=new --enable-gnu-unique-object --disable-vtable-verify --enable-plugin --enable-default-pie --with-system-zlib --with-target-system-zlib=auto --enable-objc-gc=auto --enable-multiarch --disable-werror --with-arch-32=i686 --with-abi=m64 --with-multilib-list=m32,m64,mx32 --enable-multilib --with-tune=generic --enable-offload-targets=nvptx-none=/build/gcc-9-9QDOt0/gcc-9-9.4.0/debian/tmp-nvptx/usr,hsa --without-cuda-driver --enable-checking=release --build=x86_64-linux-gnu --host=x86_64-linux-gnu --target=x86_64-linux-gnu
Thread model: posix
gcc version 9.4.0 (Ubuntu 9.4.0-1ubuntu1~20.04.2) 
configure:3339: $? = 0
configure:3328: gcc -V >&5
gcc: error: unrecognized command line option '-V'
gcc: fatal error: no input files
compilation terminated.
configure:3339: $? = 1
configure:3328: gcc -qversion >&5
gcc: error: unrecognized command line option '-qversion'; did you mean '--version'?
gcc: fatal error: no input files
compilation terminated.
configure:3339: $? = 1
configure:3359: checking whether the C compiler works
configure:3381: gcc    conftest.c  >&5
configure:3385: $? = 0
configure:3433: result: yes
configure:3436: checking for C compiler default output file name
configure:3438: result: a.out
configure:3444: checking for suffix of executables
configure:3451: gcc -o conftest    conftest.c  >&5
configure:3455: $? = 0
configure:3477: result: 
configure:3499: checking whether we are cross compiling
configure:3507: gcc -o conftest    conftest.c  >&5
configure:3511: $? = 0
configure:3518: ./conftest
configure:3522: $? = 0
configure:3510: result: no
configure:3515: checking for suffix of object files
configure:3537: gcc -c   conftest.c >&5
configure:3541: $? = 0
configure:3562: result: o
configure:3566: checking whether we are using the GNU C compiler
configure:3585: gcc -c   conftest.c >&5
configure:3585: $? = 0
configure:3594: result: yes
configure:3603: checking whether gcc accepts -g
configure:3623: gcc -c -g  conftest.c >&5
configure:3623: $? = 0
configure:3664: result: yes
configure:3681: checking for gcc option to accept ISO C89
configure:3744: gcc  -c -g -O2  conftest.c >&5
configure:3744: $? = 0
configure:3757: result: none needed
configure:3782: checking whether gcc understands -c and -o together
configure:3804: gcc -c conftest.c -o conftest2.o
configure:3807: $? = 0
configure:3804: gcc -c conftest.c -o conftest2.o
configure:3807: $? = 0
configure:3819: result: yes
configure:3839: checking whether make supports the include directive
configure:3854: make -f confmf.GNU && cat confinc.out
make[1]: Entering directory '/home/liugc/Desktop/GB28181Server/库源码/exosip/osiplib/osip'
make[1]: Leaving directory '/home/liugc/Desktop/GB28181Server/库源码/exosip/osiplib/osip'
this is the am__doit target
configure:3857: $? = 0
configure:3876: result: yes (GNU style)
configure:3901: checking dependency style of gcc
configure:4012: result: gcc3
configure:4032: checking how to run the C preprocessor
configure:4063: gcc -E  conftest.c
configure:4063: $? = 0
configure:4077: gcc -E  conftest.c
conftest.c:11:10: fatal error: ac_nonexistent.h: No such file or directory
   11 | #include <ac_nonexistent.h>
      |          ^~~~~~~~~~~~~~~~~~
compilation terminated.
configure:4077: $? = 1
configure: failed program was:
| /* confdefs.h */
| #define PACKAGE_NAME "libosip2"
| #define PACKAGE_TARNAME "libosip2"
| #define PACKAGE_VERSION "5.0.0"
| #define PACKAGE_STRING "libosip2 5.0.0"
| #define PACKAGE_BUGREPORT ""
| #define PACKAGE_URL ""
| #define PACKAGE "libosip2"
| #define VERSION "5.0.0"
| /* end confdefs.h.  */
| #include <ac_nonexistent.h>
configure:4102: result: gcc -E
configure:4122: gcc -E  conftest.c
configure:4122: $? = 0
configure:4136: gcc -E  conftest.c
conftest.c:11:10: fatal error: ac_nonexistent.h: No such file or directory
   11 | #include <ac_nonexistent.h>
      |          ^~~~~~~~~~~~~~~~~~
compilation terminated.
configure:4136: $? = 1
configure: failed program was:
| /* confdefs.h */
| #define PACKAGE_NAME "libosip2"
| #define PACKAGE_TARNAME "libosip2"
| #define PACKAGE_VERSION "5.0.0"
| #define PACKAGE_STRING "libosip2 5.0.0"
| #define PACKAGE_BUGREPORT ""
| #define PACKAGE_URL ""
| #define PACKAGE "libosip2"
| #define VERSION "5.0.0"
| /* end confdefs.h.  */
| #include <ac_nonexistent.h>
configure:4167: checking for a sed that does not truncate output
configure:4231: result: /usr/bin/sed
configure:4282: checking how to print strings
configure:4309: result: printf
configure:4330: checking for a sed that does not truncate output
configure:4394: result: /usr/bin/sed
configure:4412: checking for grep that handles long lines and -e
configure:4470: result: /usr/bin/grep
configure:4475: checking for egrep
configure:4537: result: /usr/bin/grep -E
configure:4542: checking for fgrep
configure:4604: result: /usr/bin/grep -F
configure:4639: checking for ld used by gcc
configure:4706: result: /usr/bin/ld
configure:4713: checking if the linker (/usr/bin/ld) is GNU ld
configure:4728: result: yes
configure:4740: checking for BSD- or MS-compatible name lister (nm)
configure:4794: result: /usr/bin/nm -B
configure:4924: checking the name lister (/usr/bin/nm -B) interface
configure:4931: gcc -c -g -O2  conftest.c >&5
configure:4934: /usr/bin/nm -B "conftest.o"
configure:4937: output
0000000000000000 B some_variable
configure:4938: result: BSD nm
configure:4941: checking whether ln -s works
configure:4945: result: yes
configure:4953: checking the maximum length of command line arguments
configure:5084: result: 1572864
configure:5132: checking how to convert x86_64-pc-linux-gnu file names to x86_64-pc-linux-gnu format
configure:5172: result: func_convert_file_noop
configure:5179: checking how to convert x86_64-pc-linux-gnu file names to toolchain format
configure:5199: result: func_convert_file_noop
configure:5206: checking for /usr/bin/ld option to reload object files
configure:5213: result: -r
configure:5287: checking for objdump
configure:5303: found /usr/bin/objdump
configure:5314: result: objdump
configure:5346: checking how to recognize dependent libraries
configure:5546: result: pass_all
configure:5631: checking for dlltool
configure:5661: result: no
configure:5691: checking how to associate runtime and link libraries
configure:5718: result: printf %s\n
configure:5779: checking for ar
configure:5795: found /usr/bin/ar
configure:5806: result: ar
configure:5843: checking for archiver @FILE support
configure:5860: gcc -c -g -O2  conftest.c >&5
configure:5860: $? = 0
configure:5863: ar cr libconftest.a @conftest.lst >&5
configure:5866: $? = 0
configure:5871: ar cr libconftest.a @conftest.lst >&5
ar: conftest.o: No such file or directory
configure:5874: $? = 1
configure:5873: result: @
configure:5931: checking for strip
configure:5947: found /usr/bin/strip
configure:5958: result: strip
configure:6030: checking for ranlib
configure:6046: found /usr/bin/ranlib
configure:6057: result: ranlib
configure:6159: checking command to parse /usr/bin/nm -B output from gcc object
configure:6312: gcc -c -g -O2  conftest.c >&5
configure:6315: $? = 0
configure:6319: /usr/bin/nm -B conftest.o | sed -n -e 's/^.*[	 ]\([ABCDGIRSTW][ABCDGIRSTW]*\)[	 ][	 ]*\([_A-Za-z][_A-Za-z0-9]*\)$/\1 \2 \2/p' | sed '/ __gnu_lto/d' > conftest.nm
configure:6385: gcc -o conftest -g -O2   conftest.c conftstm.o >&5
configure:6388: $? = 0
configure:6426: result: ok
configure:6473: checking for sysroot
configure:6503: result: no
configure:6510: checking for a working dd
configure:6548: result: /usr/bin/dd
configure:6552: checking how to truncate binary pipes
configure:6567: result: /usr/bin/dd bs=4096 count=1
configure:6703: gcc -c -g -O2  conftest.c >&5
configure:6706: $? = 0
configure:6896: checking for mt
configure:6912: found /usr/bin/mt
configure:6923: result: mt
configure:6946: checking if mt is a manifest tool
configure:6952: mt '-?'
configure:6960: result: no
configure:7633: checking for ANSI C header files
configure:7653: gcc -c -g -O2  conftest.c >&5
configure:7653: $? = 0
configure:7726: gcc -o conftest -g -O2   conftest.c  >&5
configure:7726: $? = 0
configure:7726: ./conftest
configure:7726: $? = 0
configure:7737: result: yes
configure:7750: checking for sys/types.h
configure:7750: gcc -c -g -O2  conftest.c >&5
configure:7750: $? = 0
configure:7750: result: yes
configure:7750: checking for sys/stat.h
configure:7750: gcc -c -g -O2  conftest.c >&5
configure:7750: $? = 0
configure:7750: result: yes
configure:7750: checking for stdlib.h
configure:7750: gcc -c -g -O2  conftest.c >&5
configure:7750: $? = 0
configure:7750: result: yes
configure:7750: checking for string.h
configure:7750: gcc -c -g -O2  conftest.c >&5
configure:7750: $? = 0
configure:7750: result: yes
configure:7750: checking for memory.h
configure:7750: gcc -c -g -O2  conftest.c >&5
configure:7750: $? = 0
configure:7750: result: yes
configure:7750: checking for strings.h
configure:7750: gcc -c -g -O2  conftest.c >&5
configure:7750: $? = 0
configure:7750: result: yes
configure:7750: checking for inttypes.h
configure:7750: gcc -c -g -O2  conftest.c >&5
configure:7750: $? = 0
configure:7750: result: yes
configure:7750: checking for stdint.h
configure:7750: gcc -c -g -O2  conftest.c >&5
configure:7750: $? = 0
configure:7750: result: yes
configure:7750: checking for unistd.h
configure:7750: gcc -c -g -O2  conftest.c >&5
configure:7750: $? = 0
configure:7750: result: yes
configure:7764: checking for dlfcn.h
configure:7764: gcc -c -g -O2  conftest.c >&5
configure:7764: $? = 0
configure:7764: result: yes
configure:8020: checking for objdir
configure:8035: result: .libs
configure:8299: checking if gcc supports -fno-rtti -fno-exceptions
configure:8317: gcc -c -g -O2  -fno-rtti -fno-exceptions conftest.c >&5
cc1: warning: command line option '-fno-rtti' is valid for C++/D/ObjC++ but not for C
configure:8321: $? = 0
configure:8334: result: no
configure:8698: checking for gcc option to produce PIC
configure:8705: result: -fPIC -DPIC
configure:8713: checking if gcc PIC flag -fPIC -DPIC works
configure:8731: gcc -c -g -O2  -fPIC -DPIC -DPIC conftest.c >&5
configure:8735: $? = 0
configure:8748: result: yes
configure:8777: checking if gcc static flag -static works
configure:8805: result: yes
configure:8820: checking if gcc supports -c -o file.o
configure:8841: gcc -c -g -O2  -o out/conftest2.o conftest.c >&5
configure:8845: $? = 0
configure:8867: result: yes
configure:8875: checking if gcc supports -c -o file.o
configure:8922: result: yes
configure:8955: checking whether the gcc linker (/usr/bin/ld -m elf_x86_64) supports shared libraries
configure:10218: result: yes
configure:10255: checking whether -lc should be explicitly linked in
configure:10263: gcc -c -g -O2  conftest.c >&5
configure:10266: $? = 0
configure:10281: gcc -shared  -fPIC -DPIC conftest.o  -v -Wl,-soname -Wl,conftest -o conftest 2\>\&1 \| /usr/bin/grep  -lc  \>/dev/null 2\>\&1
configure:10284: $? = 0
configure:10298: result: no
configure:10458: checking dynamic linker characteristics
configure:11039: gcc -o conftest -g -O2   -Wl,-rpath -Wl,/foo conftest.c  >&5
configure:11039: $? = 0
configure:11288: result: GNU/Linux ld.so
configure:11410: checking how to hardcode library paths into programs
configure:11435: result: immediate
configure:11983: checking whether stripping libraries is possible
configure:11988: result: yes
configure:12023: checking if libtool supports shared libraries
configure:12025: result: yes
configure:12028: checking whether to build shared libraries
configure:12053: result: yes
configure:12056: checking whether to build static libraries
configure:12060: result: yes
configure:9072: checking if compiler needs -Werror to reject unknown flags
configure:9088: gcc -c -g -O2 -Werror -Wunknown-warning-option -Wsizeof-array-argument  conftest.c >&5
gcc: error: unrecognized command line option '-Wunknown-warning-option'
configure:9088: $? = 1
configure: failed program was:
| /* confdefs.h */
| #define PACKAGE_NAME "libosip2"
| #define PACKAGE_TARNAME "libosip2"
| #define PACKAGE_VERSION "5.0.0"
| #define PACKAGE_STRING "libosip2 5.0.0"
| #define PACKAGE_BUGREPORT ""
| #define PACKAGE_URL ""
| #define PACKAGE "libosip2"
| #define VERSION "5.0.0"
| #define STDC_HEADERS 1
| #define HAVE_SYS_TYPES_H 1
| #define HAVE_SYS_STAT_H 1
| #define HAVE_STDLIB_H 1
| #define HAVE_STRING_H 1
| #define HAVE_MEMORY_H 1
| #define HAVE_STRINGS_H 1
| #define HAVE_INTTYPES_H 1
| #define HAVE_STDINT_H 1
| #define HAVE_UNISTD_H 1
| #define HAVE_DLFCN_H 1
| #define LT_OBJDIR ".libs/"
| /* end confdefs.h.  */
| int foo(void);
| int
| main ()
| {
| foo()
|   ;
|   return 0;
| }
configure:9093: result: no
configure:9159: checking for the pthreads library -lpthreads
configure:9197: gcc -o conftest -g -O2     conftest.c -lpthreads  >&5
/usr/bin/ld: cannot find -lpthreads
collect2: error: ld returned 1 exit status
configure:9197: $? = 1
configure: failed program was:
| /* confdefs.h */
| #define PACKAGE_NAME "libosip2"
| #define PACKAGE_TARNAME "libosip2"
| #define PACKAGE_VERSION "5.0.0"
| #define PACKAGE_STRING "libosip2 5.0.0"
| #define PACKAGE_BUGREPORT ""
| #define PACKAGE_URL ""
| #define PACKAGE "libosip2"
| #define VERSION "5.0.0"
| #define STDC_HEADERS 1
| #define HAVE_SYS_TYPES_H 1
| #define HAVE_SYS_STAT_H 1
| #define HAVE_STDLIB_H 1
| #define HAVE_STRING_H 1
| #define HAVE_MEMORY_H 1
| #define HAVE_STRINGS_H 1
| #define HAVE_INTTYPES_H 1
| #define HAVE_STDINT_H 1
| #define HAVE_UNISTD_H 1
| #define HAVE_DLFCN_H 1
| #define LT_OBJDIR ".libs/"
| /* end confdefs.h.  */
| #include <pthread.h>
|                         static void routine(void *a) { a = 0; }
|                         static void *start_routine(void *a) { return a; }
| int
| main ()
| {
| pthread_t th; pthread_attr_t attr;
|                         pthread_create(&th, 0, start_routine, 0);
|                         pthread_join(th, 0);
|                         pthread_attr_init(&attr);
|                         pthread_cleanup_push(routine, 0);
|                         pthread_cleanup_pop(0) /* ; */
|   ;
|   return 0;
| }
configure:9206: result: no
configure:9104: checking whether pthreads work without any flags
configure:9197: gcc -o conftest -g -O2     conftest.c   >&5
/usr/bin/ld: /tmp/ccy2qwrV.o: in function `main':
/home/liugc/Desktop/GB28181Server/库源码/exosip/osiplib/osip/conftest.c:30: undefined reference to `pthread_create'
/usr/bin/ld: /home/liugc/Desktop/GB28181Server/库源码/exosip/osiplib/osip/conftest.c:31: undefined reference to `pthread_join'
/usr/bin/ld: /home/liugc/Desktop/GB28181Server/库源码/exosip/osiplib/osip/conftest.c:33: undefined reference to `__pthread_register_cancel'
/usr/bin/ld: /home/liugc/Desktop/GB28181Server/库源码/exosip/osiplib/osip/conftest.c:34: undefined reference to `__pthread_unregister_cancel'
collect2: error: ld returned 1 exit status
configure:9197: $? = 1
configure: failed program was:
| /* confdefs.h */
| #define PACKAGE_NAME "libosip2"
| #define PACKAGE_TARNAME "libosip2"
| #define PACKAGE_VERSION "5.0.0"
| #define PACKAGE_STRING "libosip2 5.0.0"
| #define PACKAGE_BUGREPORT ""
| #define PACKAGE_URL ""
| #define PACKAGE "libosip2"
| #define VERSION "5.0.0"
| #define STDC_HEADERS 1
| #define HAVE_SYS_TYPES_H 1
| #define HAVE_SYS_STAT_H 1
| #define HAVE_STDLIB_H 1
| #define HAVE_STRING_H 1
| #define HAVE_MEMORY_H 1
| #define HAVE_STRINGS_H 1
| #define HAVE_INTTYPES_H 1
| #define HAVE_STDINT_H 1
| #define HAVE_UNISTD_H 1
| #define HAVE_DLFCN_H 1
| #define LT_OBJDIR ".libs/"
| /* end confdefs.h.  */
| #include <pthread.h>
|                         static void routine(void *a) { a = 0; }
|                         static void *start_routine(void *a) { return a; }
| int
| main ()
| {
| pthread_t th; pthread_attr_t attr;
|                         pthread_create(&th, 0, start_routine, 0);
|                         pthread_join(th, 0);
|                         pthread_attr_init(&attr);
|                         pthread_cleanup_push(routine, 0);
|                         pthread_cleanup_pop(0) /* ; */
|   ;
|   return 0;
| }
configure:9206: result: no
configure:9109: checking whether pthreads work with -Kthread
configure:9197: gcc -o conftest -g -O2 -Kthread    conftest.c   >&5
gcc: error: unrecognized command line option '-Kthread'; did you mean '-pthread'?
configure:9197: $? = 1
configure: failed program was:
| /* confdefs.h */
| #define PACKAGE_NAME "libosip2"
| #define PACKAGE_TARNAME "libosip2"
| #define PACKAGE_VERSION "5.0.0"
| #define PACKAGE_STRING "libosip2 5.0.0"
| #define PACKAGE_BUGREPORT ""
| #define PACKAGE_URL ""
| #define PACKAGE "libosip2"
| #define VERSION "5.0.0"
| #define STDC_HEADERS 1
| #define HAVE_SYS_TYPES_H 1
| #define HAVE_SYS_STAT_H 1
| #define HAVE_STDLIB_H 1
| #define HAVE_STRING_H 1
| #define HAVE_MEMORY_H 1
| #define HAVE_STRINGS_H 1
| #define HAVE_INTTYPES_H 1
| #define HAVE_STDINT_H 1
| #define HAVE_UNISTD_H 1
| #define HAVE_DLFCN_H 1
| #define LT_OBJDIR ".libs/"
| /* end confdefs.h.  */
| #include <pthread.h>
|                         static void routine(void *a) { a = 0; }
|                         static void *start_routine(void *a) { return a; }
| int
| main ()
| {
| pthread_t th; pthread_attr_t attr;
|                         pthread_create(&th, 0, start_routine, 0);
|                         pthread_join(th, 0);
|                         pthread_attr_init(&attr);
|                         pthread_cleanup_push(routine, 0);
|                         pthread_cleanup_pop(0) /* ; */
|   ;
|   return 0;
| }
configure:9206: result: no
configure:9109: checking whether pthreads work with -kthread
configure:9197: gcc -o conftest -g -O2 -kthread    conftest.c   >&5
gcc: error: unrecognized command line option '-kthread'; did you mean '-pthread'?
configure:9197: $? = 1
configure: failed program was:
| /* confdefs.h */
| #define PACKAGE_NAME "libosip2"
| #define PACKAGE_TARNAME "libosip2"
| #define PACKAGE_VERSION "5.0.0"
| #define PACKAGE_STRING "libosip2 5.0.0"
| #define PACKAGE_BUGREPORT ""
| #define PACKAGE_URL ""
| #define PACKAGE "libosip2"
| #define VERSION "5.0.0"
| #define STDC_HEADERS 1
| #define HAVE_SYS_TYPES_H 1
| #define HAVE_SYS_STAT_H 1
| #define HAVE_STDLIB_H 1
| #define HAVE_STRING_H 1
| #define HAVE_MEMORY_H 1
| #define HAVE_STRINGS_H 1
| #define HAVE_INTTYPES_H 1
| #define HAVE_STDINT_H 1
| #define HAVE_UNISTD_H 1
| #define HAVE_DLFCN_H 1
| #define LT_OBJDIR ".libs/"
| /* end confdefs.h.  */
| #include <pthread.h>
|                         static void routine(void *a) { a = 0; }
|                         static void *start_routine(void *a) { return a; }
| int
| main ()
| {
| pthread_t th; pthread_attr_t attr;
|                         pthread_create(&th, 0, start_routine, 0);
|                         pthread_join(th, 0);
|                         pthread_attr_init(&attr);
|                         pthread_cleanup_push(routine, 0);
|                         pthread_cleanup_pop(0) /* ; */
|   ;
|   return 0;
| }
configure:9206: result: no
configure:9159: checking for the pthreads library -llthread
configure:9197: gcc -o conftest -g -O2     conftest.c -llthread  >&5
/usr/bin/ld: cannot find -llthread
collect2: error: ld returned 1 exit status
configure:9197: $? = 1
configure: failed program was:
| /* confdefs.h */
| #define PACKAGE_NAME "libosip2"
| #define PACKAGE_TARNAME "libosip2"
| #define PACKAGE_VERSION "5.0.0"
| #define PACKAGE_STRING "libosip2 5.0.0"
| #define PACKAGE_BUGREPORT ""
| #define PACKAGE_URL ""
| #define PACKAGE "libosip2"
| #define VERSION "5.0.0"
| #define STDC_HEADERS 1
| #define HAVE_SYS_TYPES_H 1
| #define HAVE_SYS_STAT_H 1
| #define HAVE_STDLIB_H 1
| #define HAVE_STRING_H 1
| #define HAVE_MEMORY_H 1
| #define HAVE_STRINGS_H 1
| #define HAVE_INTTYPES_H 1
| #define HAVE_STDINT_H 1
| #define HAVE_UNISTD_H 1
| #define HAVE_DLFCN_H 1
| #define LT_OBJDIR ".libs/"
| /* end confdefs.h.  */
| #include <pthread.h>
|                         static void routine(void *a) { a = 0; }
|                         static void *start_routine(void *a) { return a; }
| int
| main ()
| {
| pthread_t th; pthread_attr_t attr;
|                         pthread_create(&th, 0, start_routine, 0);
|                         pthread_join(th, 0);
|                         pthread_attr_init(&attr);
|                         pthread_cleanup_push(routine, 0);
|                         pthread_cleanup_pop(0) /* ; */
|   ;
|   return 0;
| }
configure:9206: result: no
configure:9109: checking whether pthreads work with -pthread
configure:9197: gcc -o conftest -g -O2 -pthread    conftest.c   >&5
configure:9197: $? = 0
configure:9206: result: yes
configure:9225: checking for joinable pthread attribute
configure:9240: gcc -o conftest -g -O2 -pthread   conftest.c   >&5
configure:9240: $? = 0
configure:9246: result: PTHREAD_CREATE_JOINABLE
configure:9256: checking if more special flags are required for pthreads
configure:9271: result: no
configure:9277: checking for PTHREAD_PRIO_INHERIT
configure:9294: gcc -o conftest -g -O2 -pthread   conftest.c   >&5
configure:9294: $? = 0
configure:9303: result: yes
configure:9441: checking semaphore.h usability
configure:9441: gcc -c -g -O2 -pthread  conftest.c >&5
configure:9441: $? = 0
configure:9441: result: yes
configure:9441: checking semaphore.h presence
configure:9441: gcc -E  conftest.c
configure:9441: $? = 0
configure:9441: result: yes
configure:9441: checking for semaphore.h
configure:9441: result: yes
configure:9453: checking sys/sem.h usability
configure:9453: gcc -c -g -O2 -pthread  conftest.c >&5
configure:9453: $? = 0
configure:9453: result: yes
configure:9453: checking sys/sem.h presence
configure:9453: gcc -E  conftest.c
configure:9453: $? = 0
configure:9453: result: yes
configure:9453: checking for sys/sem.h
configure:9453: result: yes
configure:9543: checking for sem_open in -lposix4
configure:9568: gcc -o conftest -g -O2 -pthread   conftest.c -lposix4    >&5
/usr/bin/ld: cannot find -lposix4
collect2: error: ld returned 1 exit status
configure:9568: $? = 1
configure: failed program was:
| /* confdefs.h */
| #define PACKAGE_NAME "libosip2"
| #define PACKAGE_TARNAME "libosip2"
| #define PACKAGE_VERSION "5.0.0"
| #define PACKAGE_STRING "libosip2 5.0.0"
| #define PACKAGE_BUGREPORT ""
| #define PACKAGE_URL ""
| #define PACKAGE "libosip2"
| #define VERSION "5.0.0"
| #define STDC_HEADERS 1
| #define HAVE_SYS_TYPES_H 1
| #define HAVE_SYS_STAT_H 1
| #define HAVE_STDLIB_H 1
| #define HAVE_STRING_H 1
| #define HAVE_MEMORY_H 1
| #define HAVE_STRINGS_H 1
| #define HAVE_INTTYPES_H 1
| #define HAVE_STDINT_H 1
| #define HAVE_UNISTD_H 1
| #define HAVE_DLFCN_H 1
| #define LT_OBJDIR ".libs/"
| #define HAVE_PTHREAD_PRIO_INHERIT 1
| #define HAVE_PTHREAD 1
| #define HAVE_SEMAPHORE_H 1
| #define HAVE_SYS_SEM_H 1
| /* end confdefs.h.  */
| 
| /* Override any GCC internal prototype to avoid an error.
|    Use char because int might match the return type of a GCC
|    builtin and then its argument prototype would still apply.  */
| #ifdef __cplusplus
| extern "C"
| #endif
| char sem_open ();
| int
| main ()
| {
| return sem_open ();
|   ;
|   return 0;
| }
configure:9577: result: no
configure:9583: checking for nis_add in -lnsl
configure:9608: gcc -o conftest -g -O2 -pthread   conftest.c -lnsl    >&5
configure:9608: $? = 0
configure:9617: result: yes
configure:9623: checking for sendto in -lsocket
configure:9648: gcc -o conftest -g -O2 -pthread   conftest.c -lsocket    >&5
/usr/bin/ld: cannot find -lsocket
collect2: error: ld returned 1 exit status
configure:9648: $? = 1
configure: failed program was:
| /* confdefs.h */
| #define PACKAGE_NAME "libosip2"
| #define PACKAGE_TARNAME "libosip2"
| #define PACKAGE_VERSION "5.0.0"
| #define PACKAGE_STRING "libosip2 5.0.0"
| #define PACKAGE_BUGREPORT ""
| #define PACKAGE_URL ""
| #define PACKAGE "libosip2"
| #define VERSION "5.0.0"
| #define STDC_HEADERS 1
| #define HAVE_SYS_TYPES_H 1
| #define HAVE_SYS_STAT_H 1
| #define HAVE_STDLIB_H 1
| #define HAVE_STRING_H 1
| #define HAVE_MEMORY_H 1
| #define HAVE_STRINGS_H 1
| #define HAVE_INTTYPES_H 1
| #define HAVE_STDINT_H 1
| #define HAVE_UNISTD_H 1
| #define HAVE_DLFCN_H 1
| #define LT_OBJDIR ".libs/"
| #define HAVE_PTHREAD_PRIO_INHERIT 1
| #define HAVE_PTHREAD 1
| #define HAVE_SEMAPHORE_H 1
| #define HAVE_SYS_SEM_H 1
| /* end confdefs.h.  */
| 
| /* Override any GCC internal prototype to avoid an error.
|    Use char because int might match the return type of a GCC
|    builtin and then its argument prototype would still apply.  */
| #ifdef __cplusplus
| extern "C"
| #endif
| char sendto ();
| int
| main ()
| {
| return sendto ();
|   ;
|   return 0;
| }
configure:9657: result: no
configure:9663: checking for lrand48 in -lc
configure:9688: gcc -o conftest -g -O2 -pthread   conftest.c -lc    >&5
configure:9688: $? = 0
configure:9697: result: yes
configure:9705: checking for clock_gettime in -lrt
configure:9730: gcc -o conftest -g -O2 -pthread   conftest.c -lrt    >&5
configure:9730: $? = 0
configure:9739: result: yes
configure:9746: checking whether -Wall works
configure:9765: gcc -c -g -O2 -pthread -Wall conftest.c >&5
configure:9765: $? = 0
configure:9774: result: yes
configure:9781: checking whether -Wcast-align works
configure:9800: gcc -c -g -O2 -pthread -Wcast-align conftest.c >&5
configure:9800: $? = 0
configure:9809: result: yes
configure:9816: checking whether -Wchar-subscripts works
configure:9835: gcc -c -g -O2 -pthread -Wchar-subscripts conftest.c >&5
configure:9835: $? = 0
configure:9844: result: yes
configure:9851: checking whether -Wformat works
configure:9870: gcc -c -g -O2 -pthread -Wformat conftest.c >&5
configure:9870: $? = 0
configure:9879: result: yes
configure:9886: checking whether -Winline works
configure:9905: gcc -c -g -O2 -pthread -Winline conftest.c >&5
configure:9905: $? = 0
configure:9914: result: yes
configure:9921: checking whether -Wmissing-declarations works
configure:9940: gcc -c -g -O2 -pthread -Wmissing-declarations conftest.c >&5
configure:9940: $? = 0
configure:9949: result: yes
configure:9956: checking whether -Wmissing-prototypes works
configure:9975: gcc -c -g -O2 -pthread -Wmissing-prototypes conftest.c >&5
configure:9975: $? = 0
configure:9984: result: yes
configure:9991: checking whether -Wnested-externs works
configure:10010: gcc -c -g -O2 -pthread -Wnested-externs conftest.c >&5
configure:10010: $? = 0
configure:10019: result: yes
configure:10026: checking whether -Wpointer-arith works
configure:10045: gcc -c -g -O2 -pthread -Wpointer-arith conftest.c >&5
configure:10045: $? = 0
configure:10054: result: yes
configure:10073: checking for ANSI C header files
configure:10177: result: yes
configure:10187: checking for string.h
configure:10187: result: yes
configure:10199: checking for strings.h
configure:10199: result: yes
configure:10211: checking for stdlib.h
configure:10211: result: yes
configure:10223: checking for unistd.h
configure:10223: result: yes
configure:10235: checking for sys/types.h
configure:10235: result: yes
configure:10248: checking sys/unistd.h usability
configure:10248: gcc -c -g -O2 -pthread  -Wall -Wcast-align -Wchar-subscripts -Wformat -Winline -Wmissing-declarations -Wmissing-prototypes -Wnested-externs -Wpointer-arith conftest.c >&5
configure:10248: $? = 0
configure:10248: result: yes
configure:10248: checking sys/unistd.h presence
configure:10248: gcc -E  -Wall -Wcast-align -Wchar-subscripts -Wformat -Winline -Wmissing-declarations -Wmissing-prototypes -Wnested-externs -Wpointer-arith conftest.c
configure:10248: $? = 0
configure:10248: result: yes
configure:10248: checking for sys/unistd.h
configure:10248: result: yes
configure:10260: checking syslog.h usability
configure:10260: gcc -c -g -O2 -pthread  -Wall -Wcast-align -Wchar-subscripts -Wformat -Winline -Wmissing-declarations -Wmissing-prototypes -Wnested-externs -Wpointer-arith conftest.c >&5
configure:10260: $? = 0
configure:10260: result: yes
configure:10260: checking syslog.h presence
configure:10260: gcc -E  -Wall -Wcast-align -Wchar-subscripts -Wformat -Winline -Wmissing-declarations -Wmissing-prototypes -Wnested-externs -Wpointer-arith conftest.c
configure:10260: $? = 0
configure:10260: result: yes
configure:10260: checking for syslog.h
configure:10260: result: yes
configure:10272: checking ctype.h usability
configure:10272: gcc -c -g -O2 -pthread  -Wall -Wcast-align -Wchar-subscripts -Wformat -Winline -Wmissing-declarations -Wmissing-prototypes -Wnested-externs -Wpointer-arith conftest.c >&5
configure:10272: $? = 0
configure:10272: result: yes
configure:10272: checking ctype.h presence
configure:10272: gcc -E  -Wall -Wcast-align -Wchar-subscripts -Wformat -Winline -Wmissing-declarations -Wmissing-prototypes -Wnested-externs -Wpointer-arith conftest.c
configure:10272: $? = 0
configure:10272: result: yes
configure:10272: checking for ctype.h
configure:10272: result: yes
configure:10284: checking stdio.h usability
configure:10284: gcc -c -g -O2 -pthread  -Wall -Wcast-align -Wchar-subscripts -Wformat -Winline -Wmissing-declarations -Wmissing-prototypes -Wnested-externs -Wpointer-arith conftest.c >&5
configure:10284: $? = 0
configure:10284: result: yes
configure:10284: checking stdio.h presence
configure:10284: gcc -E  -Wall -Wcast-align -Wchar-subscripts -Wformat -Winline -Wmissing-declarations -Wmissing-prototypes -Wnested-externs -Wpointer-arith conftest.c
configure:10284: $? = 0
configure:10284: result: yes
configure:10284: checking for stdio.h
configure:10284: result: yes
configure:10296: checking stdarg.h usability
configure:10296: gcc -c -g -O2 -pthread  -Wall -Wcast-align -Wchar-subscripts -Wformat -Winline -Wmissing-declarations -Wmissing-prototypes -Wnested-externs -Wpointer-arith conftest.c >&5
configure:10296: $? = 0
configure:10296: result: yes
configure:10296: checking stdarg.h presence
configure:10296: gcc -E  -Wall -Wcast-align -Wchar-subscripts -Wformat -Winline -Wmissing-declarations -Wmissing-prototypes -Wnested-externs -Wpointer-arith conftest.c
configure:10296: $? = 0
configure:10296: result: yes
configure:10296: checking for stdarg.h
configure:10296: result: yes
configure:10308: checking varargs.h usability
configure:10308: gcc -c -g -O2 -pthread  -Wall -Wcast-align -Wchar-subscripts -Wformat -Winline -Wmissing-declarations -Wmissing-prototypes -Wnested-externs -Wpointer-arith conftest.c >&5
In file included from conftest.c:72:
/usr/lib/gcc/x86_64-linux-gnu/9/include/varargs.h:4:2: error: #error "GCC no longer implements <varargs.h>."
    4 | #error "GCC no longer implements <varargs.h>."
      |  ^~~~~
/usr/lib/gcc/x86_64-linux-gnu/9/include/varargs.h:5:2: error: #error "Revise your code to use <stdarg.h>."
    5 | #error "Revise your code to use <stdarg.h>."
      |  ^~~~~
configure:10308: $? = 1
configure: failed program was:
| /* confdefs.h */
| #define PACKAGE_NAME "libosip2"
| #define PACKAGE_TARNAME "libosip2"
| #define PACKAGE_VERSION "5.0.0"
| #define PACKAGE_STRING "libosip2 5.0.0"
| #define PACKAGE_BUGREPORT ""
| #define PACKAGE_URL ""
| #define PACKAGE "libosip2"
| #define VERSION "5.0.0"
| #define STDC_HEADERS 1
| #define HAVE_SYS_TYPES_H 1
| #define HAVE_SYS_STAT_H 1
| #define HAVE_STDLIB_H 1
| #define HAVE_STRING_H 1
| #define HAVE_MEMORY_H 1
| #define HAVE_STRINGS_H 1
| #define HAVE_INTTYPES_H 1
| #define HAVE_STDINT_H 1
| #define HAVE_UNISTD_H 1
| #define HAVE_DLFCN_H 1
| #define LT_OBJDIR ".libs/"
| #define HAVE_PTHREAD_PRIO_INHERIT 1
| #define HAVE_PTHREAD 1
| #define HAVE_SEMAPHORE_H 1
| #define HAVE_SYS_SEM_H 1
| #define HAVE_LRAND48 /**/
| #define STDC_HEADERS 1
| #define HAVE_STRING_H 1
| #define HAVE_STRINGS_H 1
| #define HAVE_STDLIB_H 1
| #define HAVE_UNISTD_H 1
| #define HAVE_SYS_TYPES_H 1
| #define HAVE_SYS_UNISTD_H 1
| #define HAVE_SYSLOG_H 1
| #define HAVE_CTYPE_H 1
| #define HAVE_STDIO_H 1
| #define HAVE_STDARG_H 1
| /* end confdefs.h.  */
| #include <stdio.h>
| #ifdef HAVE_SYS_TYPES_H
| # include <sys/types.h>
| #endif
| #ifdef HAVE_SYS_STAT_H
| # include <sys/stat.h>
| #endif
| #ifdef STDC_HEADERS
| # include <stdlib.h>
| # include <stddef.h>
| #else
| # ifdef HAVE_STDLIB_H
| #  include <stdlib.h>
| # endif
| #endif
| #ifdef HAVE_STRING_H
| # if !defined STDC_HEADERS && defined HAVE_MEMORY_H
| #  include <memory.h>
| # endif
| # include <string.h>
| #endif
| #ifdef HAVE_STRINGS_H
| # include <strings.h>
| #endif
| #ifdef HAVE_INTTYPES_H
| # include <inttypes.h>
| #endif
| #ifdef HAVE_STDINT_H
| # include <stdint.h>
| #endif
| #ifdef HAVE_UNISTD_H
| # include <unistd.h>
| #endif
| #include <varargs.h>
configure:10308: result: no
configure:10308: checking varargs.h presence
configure:10308: gcc -E  -Wall -Wcast-align -Wchar-subscripts -Wformat -Winline -Wmissing-declarations -Wmissing-prototypes -Wnested-externs -Wpointer-arith conftest.c
In file included from conftest.c:39:
/usr/lib/gcc/x86_64-linux-gnu/9/include/varargs.h:4:2: error: #error "GCC no longer implements <varargs.h>."
    4 | #error "GCC no longer implements <varargs.h>."
      |  ^~~~~
/usr/lib/gcc/x86_64-linux-gnu/9/include/varargs.h:5:2: error: #error "Revise your code to use <stdarg.h>."
    5 | #error "Revise your code to use <stdarg.h>."
      |  ^~~~~
configure:10308: $? = 1
configure: failed program was:
| /* confdefs.h */
| #define PACKAGE_NAME "libosip2"
| #define PACKAGE_TARNAME "libosip2"
| #define PACKAGE_VERSION "5.0.0"
| #define PACKAGE_STRING "libosip2 5.0.0"
| #define PACKAGE_BUGREPORT ""
| #define PACKAGE_URL ""
| #define PACKAGE "libosip2"
| #define VERSION "5.0.0"
| #define STDC_HEADERS 1
| #define HAVE_SYS_TYPES_H 1
| #define HAVE_SYS_STAT_H 1
| #define HAVE_STDLIB_H 1
| #define HAVE_STRING_H 1
| #define HAVE_MEMORY_H 1
| #define HAVE_STRINGS_H 1
| #define HAVE_INTTYPES_H 1
| #define HAVE_STDINT_H 1
| #define HAVE_UNISTD_H 1
| #define HAVE_DLFCN_H 1
| #define LT_OBJDIR ".libs/"
| #define HAVE_PTHREAD_PRIO_INHERIT 1
| #define HAVE_PTHREAD 1
| #define HAVE_SEMAPHORE_H 1
| #define HAVE_SYS_SEM_H 1
| #define HAVE_LRAND48 /**/
| #define STDC_HEADERS 1
| #define HAVE_STRING_H 1
| #define HAVE_STRINGS_H 1
| #define HAVE_STDLIB_H 1
| #define HAVE_UNISTD_H 1
| #define HAVE_SYS_TYPES_H 1
| #define HAVE_SYS_UNISTD_H 1
| #define HAVE_SYSLOG_H 1
| #define HAVE_CTYPE_H 1
| #define HAVE_STDIO_H 1
| #define HAVE_STDARG_H 1
| /* end confdefs.h.  */
| #include <varargs.h>
configure:10308: result: no
configure:10308: checking for varargs.h
configure:10308: result: no
configure:10320: checking fcntl.h usability
configure:10320: gcc -c -g -O2 -pthread  -Wall -Wcast-align -Wchar-subscripts -Wformat -Winline -Wmissing-declarations -Wmissing-prototypes -Wnested-externs -Wpointer-arith conftest.c >&5
configure:10320: $? = 0
configure:10320: result: yes
configure:10320: checking fcntl.h presence
configure:10320: gcc -E  -Wall -Wcast-align -Wchar-subscripts -Wformat -Winline -Wmissing-declarations -Wmissing-prototypes -Wnested-externs -Wpointer-arith conftest.c
configure:10320: $? = 0
configure:10320: result: yes
configure:10320: checking for fcntl.h
configure:10320: result: yes
configure:10332: checking time.h usability
configure:10332: gcc -c -g -O2 -pthread  -Wall -Wcast-align -Wchar-subscripts -Wformat -Winline -Wmissing-declarations -Wmissing-prototypes -Wnested-externs -Wpointer-arith conftest.c >&5
configure:10332: $? = 0
configure:10332: result: yes
configure:10332: checking time.h presence
configure:10332: gcc -E  -Wall -Wcast-align -Wchar-subscripts -Wformat -Winline -Wmissing-declarations -Wmissing-prototypes -Wnested-externs -Wpointer-arith conftest.c
configure:10332: $? = 0
configure:10332: result: yes
configure:10332: checking for time.h
configure:10332: result: yes
configure:10344: checking sys/time.h usability
configure:10344: gcc -c -g -O2 -pthread  -Wall -Wcast-align -Wchar-subscripts -Wformat -Winline -Wmissing-declarations -Wmissing-prototypes -Wnested-externs -Wpointer-arith conftest.c >&5
configure:10344: $? = 0
configure:10344: result: yes
configure:10344: checking sys/time.h presence
configure:10344: gcc -E  -Wall -Wcast-align -Wchar-subscripts -Wformat -Winline -Wmissing-declarations -Wmissing-prototypes -Wnested-externs -Wpointer-arith conftest.c
configure:10344: $? = 0
configure:10344: result: yes
configure:10344: checking for sys/time.h
configure:10344: result: yes
configure:10356: checking sys/select.h usability
configure:10356: gcc -c -g -O2 -pthread  -Wall -Wcast-align -Wchar-subscripts -Wformat -Winline -Wmissing-declarations -Wmissing-prototypes -Wnested-externs -Wpointer-arith conftest.c >&5
configure:10356: $? = 0
configure:10356: result: yes
configure:10356: checking sys/select.h presence
configure:10356: gcc -E  -Wall -Wcast-align -Wchar-subscripts -Wformat -Winline -Wmissing-declarations -Wmissing-prototypes -Wnested-externs -Wpointer-arith conftest.c
configure:10356: $? = 0
configure:10356: result: yes
configure:10356: checking for sys/select.h
configure:10356: result: yes
configure:10368: checking assert.h usability
configure:10368: gcc -c -g -O2 -pthread  -Wall -Wcast-align -Wchar-subscripts -Wformat -Winline -Wmissing-declarations -Wmissing-prototypes -Wnested-externs -Wpointer-arith conftest.c >&5
configure:10368: $? = 0
configure:10368: result: yes
configure:10368: checking assert.h presence
configure:10368: gcc -E  -Wall -Wcast-align -Wchar-subscripts -Wformat -Winline -Wmissing-declarations -Wmissing-prototypes -Wnested-externs -Wpointer-arith conftest.c
configure:10368: $? = 0
configure:10368: result: yes
configure:10368: checking for assert.h
configure:10368: result: yes
configure:10380: checking signal.h usability
configure:10380: gcc -c -g -O2 -pthread  -Wall -Wcast-align -Wchar-subscripts -Wformat -Winline -Wmissing-declarations -Wmissing-prototypes -Wnested-externs -Wpointer-arith conftest.c >&5
configure:10380: $? = 0
configure:10380: result: yes
configure:10380: checking signal.h presence
configure:10380: gcc -E  -Wall -Wcast-align -Wchar-subscripts -Wformat -Winline -Wmissing-declarations -Wmissing-prototypes -Wnested-externs -Wpointer-arith conftest.c
configure:10380: $? = 0
configure:10380: result: yes
configure:10380: checking for signal.h
configure:10380: result: yes
configure:10392: checking sys/signal.h usability
configure:10392: gcc -c -g -O2 -pthread  -Wall -Wcast-align -Wchar-subscripts -Wformat -Winline -Wmissing-declarations -Wmissing-prototypes -Wnested-externs -Wpointer-arith conftest.c >&5
configure:10392: $? = 0
configure:10392: result: yes
configure:10392: checking sys/signal.h presence
configure:10392: gcc -E  -Wall -Wcast-align -Wchar-subscripts -Wformat -Winline -Wmissing-declarations -Wmissing-prototypes -Wnested-externs -Wpointer-arith conftest.c
configure:10392: $? = 0
configure:10392: result: yes
configure:10392: checking for sys/signal.h
configure:10392: result: yes
configure:10404: checking malloc.h usability
configure:10404: gcc -c -g -O2 -pthread  -Wall -Wcast-align -Wchar-subscripts -Wformat -Winline -Wmissing-declarations -Wmissing-prototypes -Wnested-externs -Wpointer-arith conftest.c >&5
configure:10404: $? = 0
configure:10404: result: yes
configure:10404: checking malloc.h presence
configure:10404: gcc -E  -Wall -Wcast-align -Wchar-subscripts -Wformat -Winline -Wmissing-declarations -Wmissing-prototypes -Wnested-externs -Wpointer-arith conftest.c
configure:10404: $? = 0
configure:10404: result: yes
configure:10404: checking for malloc.h
configure:10404: result: yes
configure:10415: checking for struct timeval
configure:10415: gcc -c -g -O2 -pthread  -Wall -Wcast-align -Wchar-subscripts -Wformat -Winline -Wmissing-declarations -Wmissing-prototypes -Wnested-externs -Wpointer-arith conftest.c >&5
configure:10415: $? = 0
configure:10415: gcc -c -g -O2 -pthread  -Wall -Wcast-align -Wchar-subscripts -Wformat -Winline -Wmissing-declarations -Wmissing-prototypes -Wnested-externs -Wpointer-arith conftest.c >&5
conftest.c: In function 'main':
conftest.c:63:29: error: expected expression before ')' token
   63 | if (sizeof ((struct timeval)))
      |                             ^
configure:10415: $? = 1
configure: failed program was:
| /* confdefs.h */
| #define PACKAGE_NAME "libosip2"
| #define PACKAGE_TARNAME "libosip2"
| #define PACKAGE_VERSION "5.0.0"
| #define PACKAGE_STRING "libosip2 5.0.0"
| #define PACKAGE_BUGREPORT ""
| #define PACKAGE_URL ""
| #define PACKAGE "libosip2"
| #define VERSION "5.0.0"
| #define STDC_HEADERS 1
| #define HAVE_SYS_TYPES_H 1
| #define HAVE_SYS_STAT_H 1
| #define HAVE_STDLIB_H 1
| #define HAVE_STRING_H 1
| #define HAVE_MEMORY_H 1
| #define HAVE_STRINGS_H 1
| #define HAVE_INTTYPES_H 1
| #define HAVE_STDINT_H 1
| #define HAVE_UNISTD_H 1
| #define HAVE_DLFCN_H 1
| #define LT_OBJDIR ".libs/"
| #define HAVE_PTHREAD_PRIO_INHERIT 1
| #define HAVE_PTHREAD 1
| #define HAVE_SEMAPHORE_H 1
| #define HAVE_SYS_SEM_H 1
| #define HAVE_LRAND48 /**/
| #define STDC_HEADERS 1
| #define HAVE_STRING_H 1
| #define HAVE_STRINGS_H 1
| #define HAVE_STDLIB_H 1
| #define HAVE_UNISTD_H 1
| #define HAVE_SYS_TYPES_H 1
| #define HAVE_SYS_UNISTD_H 1
| #define HAVE_SYSLOG_H 1
| #define HAVE_CTYPE_H 1
| #define HAVE_STDIO_H 1
| #define HAVE_STDARG_H 1
| #define HAVE_FCNTL_H 1
| #define HAVE_TIME_H 1
| #define HAVE_SYS_TIME_H 1
| #define HAVE_SYS_SELECT_H 1
| #define HAVE_ASSERT_H 1
| #define HAVE_SIGNAL_H 1
| #define HAVE_SYS_SIGNAL_H 1
| #define HAVE_MALLOC_H 1
| /* end confdefs.h.  */
| 
|      #if TIME_WITH_SYS_TIME
|      # include <sys/time.h>
|      # include <time.h>
|      #else
|      # if HAVE_SYS_TIME_H
|      #  include <sys/time.h>
|      # else
|      #  include <time.h>
|      # endif
|      #endif
| 
| 
| int
| main ()
| {
| if (sizeof ((struct timeval)))
| 	    return 0;
|   ;
|   return 0;
| }
configure:10415: result: yes
configure:10541: checking that generated files are newer than configure
configure:10547: result: done
configure:10582: creating ./config.status

## ---------------- ##
## Cache variables. ##
## ---------------- ##

Wall_cv_flag=yes
Wcast_align_cv_flag=yes
Wchar_subscripts_cv_flag=yes
Wformat_cv_flag=yes
Winline_cv_flag=yes
Wmissing_declarations_cv_flag=yes
Wmissing_prototypes_cv_flag=yes
Wnested_externs_cv_flag=yes
Wpointer_arith_cv_flag=yes
ac_cv_build=x86_64-pc-linux-gnu
ac_cv_c_compiler_gnu=yes
ac_cv_env_CC_set=
ac_cv_env_CC_value=
ac_cv_env_CFLAGS_set=
ac_cv_env_CFLAGS_value=
ac_cv_env_CPPFLAGS_set=
ac_cv_env_CPPFLAGS_value=
ac_cv_env_CPP_set=
ac_cv_env_CPP_value=
ac_cv_env_LDFLAGS_set=
ac_cv_env_LDFLAGS_value=
ac_cv_env_LIBS_set=
ac_cv_env_LIBS_value=
ac_cv_env_LT_SYS_LIBRARY_PATH_set=
ac_cv_env_LT_SYS_LIBRARY_PATH_value=
ac_cv_env_build_alias_set=
ac_cv_env_build_alias_value=
ac_cv_env_host_alias_set=
ac_cv_env_host_alias_value=
ac_cv_env_target_alias_set=
ac_cv_env_target_alias_value=
ac_cv_header_assert_h=yes
ac_cv_header_ctype_h=yes
ac_cv_header_dlfcn_h=yes
ac_cv_header_fcntl_h=yes
ac_cv_header_inttypes_h=yes
ac_cv_header_malloc_h=yes
ac_cv_header_memory_h=yes
ac_cv_header_semaphore_h=yes
ac_cv_header_signal_h=yes
ac_cv_header_stdarg_h=yes
ac_cv_header_stdc=yes
ac_cv_header_stdint_h=yes
ac_cv_header_stdio_h=yes
ac_cv_header_stdlib_h=yes
ac_cv_header_string_h=yes
ac_cv_header_strings_h=yes
ac_cv_header_sys_select_h=yes
ac_cv_header_sys_sem_h=yes
ac_cv_header_sys_signal_h=yes
ac_cv_header_sys_stat_h=yes
ac_cv_header_sys_time_h=yes
ac_cv_header_sys_types_h=yes
ac_cv_header_sys_unistd_h=yes
ac_cv_header_syslog_h=yes
ac_cv_header_time_h=yes
ac_cv_header_unistd_h=yes
ac_cv_header_varargs_h=no
ac_cv_host=x86_64-pc-linux-gnu
ac_cv_lib_c_lrand48=yes
ac_cv_lib_nsl_nis_add=yes
ac_cv_lib_posix4_sem_open=no
ac_cv_lib_rt_clock_gettime=yes
ac_cv_lib_socket_sendto=no
ac_cv_objext=o
ac_cv_path_EGREP='/usr/bin/grep -E'
ac_cv_path_FGREP='/usr/bin/grep -F'
ac_cv_path_GREP=/usr/bin/grep
ac_cv_path_SED=/usr/bin/sed
ac_cv_path_install='/usr/bin/install -c'
ac_cv_path_lt_DD=/usr/bin/dd
ac_cv_path_mkdir=/usr/bin/mkdir
ac_cv_prog_AWK=mawk
ac_cv_prog_CPP='gcc -E'
ac_cv_prog_ac_ct_AR=ar
ac_cv_prog_ac_ct_CC=gcc
ac_cv_prog_ac_ct_MANIFEST_TOOL=mt
ac_cv_prog_ac_ct_OBJDUMP=objdump
ac_cv_prog_ac_ct_RANLIB=ranlib
ac_cv_prog_ac_ct_STRIP=strip
ac_cv_prog_cc_c89=
ac_cv_prog_cc_g=yes
ac_cv_prog_make_make_set=yes
ac_cv_type_struct_timeval=yes
am_cv_CC_dependencies_compiler_type=gcc3
am_cv_make_support_nested_variables=yes
am_cv_prog_cc_c_o=yes
ax_cv_PTHREAD_PRIO_INHERIT=yes
lt_cv_ar_at_file=@
lt_cv_archive_cmds_need_lc=no
lt_cv_deplibs_check_method=pass_all
lt_cv_file_magic_cmd='$MAGIC_CMD'
lt_cv_file_magic_test_file=
lt_cv_ld_reload_flag=-r
lt_cv_nm_interface='BSD nm'
lt_cv_objdir=.libs
lt_cv_path_LD=/usr/bin/ld
lt_cv_path_NM='/usr/bin/nm -B'
lt_cv_path_mainfest_tool=no
lt_cv_prog_compiler_c_o=yes
lt_cv_prog_compiler_pic='-fPIC -DPIC'
lt_cv_prog_compiler_pic_works=yes
lt_cv_prog_compiler_rtti_exceptions=no
lt_cv_prog_compiler_static_works=yes
lt_cv_prog_gnu_ld=yes
lt_cv_sharedlib_from_linklib_cmd='printf %s\n'
lt_cv_shlibpath_overrides_runpath=yes
lt_cv_sys_global_symbol_pipe='sed -n -e '\''s/^.*[	 ]\([ABCDGIRSTW][ABCDGIRSTW]*\)[	 ][	 ]*\([_A-Za-z][_A-Za-z0-9]*\)$/\1 \2 \2/p'\'' | sed '\''/ __gnu_lto/d'\'''
lt_cv_sys_global_symbol_to_c_name_address='sed -n -e '\''s/^: \(.*\) .*$/  {"\1", (void *) 0},/p'\'' -e '\''s/^[ABCDGIRSTW][ABCDGIRSTW]* .* \(.*\)$/  {"\1", (void *) \&\1},/p'\'''
lt_cv_sys_global_symbol_to_c_name_address_lib_prefix='sed -n -e '\''s/^: \(.*\) .*$/  {"\1", (void *) 0},/p'\'' -e '\''s/^[ABCDGIRSTW][ABCDGIRSTW]* .* \(lib.*\)$/  {"\1", (void *) \&\1},/p'\'' -e '\''s/^[ABCDGIRSTW][ABCDGIRSTW]* .* \(.*\)$/  {"lib\1", (void *) \&\1},/p'\'''
lt_cv_sys_global_symbol_to_cdecl='sed -n -e '\''s/^T .* \(.*\)$/extern int \1();/p'\'' -e '\''s/^[ABCDGIRSTW][ABCDGIRSTW]* .* \(.*\)$/extern char \1;/p'\'''
lt_cv_sys_global_symbol_to_import=
lt_cv_sys_max_cmd_len=1572864
lt_cv_to_host_file_cmd=func_convert_file_noop
lt_cv_to_tool_file_cmd=func_convert_file_noop
lt_cv_truncate_bin='/usr/bin/dd bs=4096 count=1'

## ----------------- ##
## Output variables. ##
## ----------------- ##

ACLOCAL='${SHELL} /home/liugc/Desktop/GB28181Server/库源码/exosip/osiplib/osip/scripts/missing aclocal-1.16'
AMDEPBACKSLASH='\'
AMDEP_FALSE='#'
AMDEP_TRUE=''
AMTAR='$${TAR-tar}'
AM_BACKSLASH='\'
AM_DEFAULT_V='$(AM_DEFAULT_VERBOSITY)'
AM_DEFAULT_VERBOSITY='1'
AM_V='$(V)'
AR='ar'
AUTOCONF='${SHELL} /home/liugc/Desktop/GB28181Server/库源码/exosip/osiplib/osip/scripts/missing autoconf'
AUTOHEADER='${SHELL} /home/liugc/Desktop/GB28181Server/库源码/exosip/osiplib/osip/scripts/missing autoheader'
AUTOMAKE='${SHELL} /home/liugc/Desktop/GB28181Server/库源码/exosip/osiplib/osip/scripts/missing automake-1.16'
AWK='mawk'
BUILD_MAXSIZE_FALSE='#'
BUILD_MAXSIZE_TRUE=''
BUILD_MT_FALSE='#'
BUILD_MT_TRUE=''
CC='gcc'
CCDEPMODE='depmode=gcc3'
CFLAGS='-g -O2 -pthread'
COMPILE_TESTS_FALSE=''
COMPILE_TESTS_TRUE='#'
CPP='gcc -E'
CPPFLAGS=' -Wall -Wcast-align -Wchar-subscripts -Wformat -Winline -Wmissing-declarations -Wmissing-prototypes -Wnested-externs -Wpointer-arith'
CYGPATH_W='echo'
DEFS='-DHAVE_CONFIG_H'
DEPDIR='.deps'
DLLTOOL='false'
DSYMUTIL=''
DUMPBIN=''
ECHO_C=''
ECHO_N='-n'
ECHO_T=''
EGREP='/usr/bin/grep -E'
EXEEXT=''
EXTRA_LIB=''
FGREP='/usr/bin/grep -F'
FSM_LIB=' -lnsl -lrt'
GREP='/usr/bin/grep'
INSTALL_DATA='${INSTALL} -m 644'
INSTALL_PROGRAM='${INSTALL}'
INSTALL_SCRIPT='${INSTALL}'
INSTALL_STRIP_PROGRAM='$(install_sh) -c -s'
LD='/usr/bin/ld -m elf_x86_64'
LDFLAGS=''
LIBOBJS=''
LIBOSIP_SO_VERSION='12:0:0'
LIBS=' '
LIBTOOL='$(SHELL) $(top_builddir)/libtool'
LIPO=''
LN_S='ln -s'
LTLIBOBJS=''
LT_SYS_LIBRARY_PATH=''
MAKEINFO='${SHELL} /home/liugc/Desktop/GB28181Server/库源码/exosip/osiplib/osip/scripts/missing makeinfo'
MANIFEST_TOOL=':'
MKDIR_P='/usr/bin/mkdir -p'
NM='/usr/bin/nm -B'
NMEDIT=''
OBJDUMP='objdump'
OBJEXT='o'
OSIP_VERSION=''
OTOOL64=''
OTOOL=''
PACKAGE='libosip2'
PACKAGE_BUGREPORT=''
PACKAGE_NAME='libosip2'
PACKAGE_STRING='libosip2 5.0.0'
PACKAGE_TARNAME='libosip2'
PACKAGE_URL=''
PACKAGE_VERSION='5.0.0'
PARSER_LIB=''
PATH_SEPARATOR=':'
PTHREAD_CC='gcc'
PTHREAD_CFLAGS='-pthread'
PTHREAD_LIBS=''
RANLIB='ranlib'
SED='/usr/bin/sed'
SET_MAKE=''
SHELL='/bin/bash'
SIP_CFLAGS=''
SIP_EXTRA_FLAGS=' -DENABLE_TRACE'
SIP_FSM_FLAGS=''
SIP_PARSER_FLAGS=''
STRIP='strip'
VERSION='5.0.0'
ac_ct_AR='ar'
ac_ct_CC='gcc'
ac_ct_DUMPBIN=''
am__EXEEXT_FALSE=''
am__EXEEXT_TRUE='#'
am__fastdepCC_FALSE='#'
am__fastdepCC_TRUE=''
am__include='include'
am__isrc=''
am__leading_dot='.'
am__nodep='_no'
am__quote=''
am__tar='$${TAR-tar} chof - "$$tardir"'
am__untar='$${TAR-tar} xf -'
ax_pthread_config=''
bindir='${exec_prefix}/bin'
build='x86_64-pc-linux-gnu'
build_alias=''
build_cpu='x86_64'
build_os='linux-gnu'
build_vendor='pc'
datadir='${datarootdir}'
datarootdir='${prefix}/share'
docdir='${datarootdir}/doc/${PACKAGE_TARNAME}'
dvidir='${docdir}'
exec_prefix='${prefix}'
host='x86_64-pc-linux-gnu'
host_alias=''
host_cpu='x86_64'
host_os='linux-gnu'
host_vendor='pc'
htmldir='${docdir}'
includedir='${prefix}/include'
infodir='${datarootdir}/info'
install_sh='${SHELL} /home/liugc/Desktop/GB28181Server/库源码/exosip/osiplib/osip/scripts/install-sh'
libdir='${exec_prefix}/lib'
libexecdir='${exec_prefix}/libexec'
localedir='${datarootdir}/locale'
localstatedir='${prefix}/var'
mandir='${datarootdir}/man'
mkdir_p='$(MKDIR_P)'
oldincludedir='/usr/include'
pdfdir='${docdir}'
prefix='/usr/local'
program_transform_name='s,x,x,'
psdir='${docdir}'
runstatedir='${localstatedir}/run'
sbindir='${exec_prefix}/sbin'
sharedstatedir='${prefix}/com'
sysconfdir='${prefix}/etc'
target_alias=''

## ----------- ##
## confdefs.h. ##
## ----------- ##

/* confdefs.h */
#define PACKAGE_NAME "libosip2"
#define PACKAGE_TARNAME "libosip2"
#define PACKAGE_VERSION "5.0.0"
#define PACKAGE_STRING "libosip2 5.0.0"
#define PACKAGE_BUGREPORT ""
#define PACKAGE_URL ""
#define PACKAGE "libosip2"
#define VERSION "5.0.0"
#define STDC_HEADERS 1
#define HAVE_SYS_TYPES_H 1
#define HAVE_SYS_STAT_H 1
#define HAVE_STDLIB_H 1
#define HAVE_STRING_H 1
#define HAVE_MEMORY_H 1
#define HAVE_STRINGS_H 1
#define HAVE_INTTYPES_H 1
#define HAVE_STDINT_H 1
#define HAVE_UNISTD_H 1
#define HAVE_DLFCN_H 1
#define LT_OBJDIR ".libs/"
#define HAVE_PTHREAD_PRIO_INHERIT 1
#define HAVE_PTHREAD 1
#define HAVE_SEMAPHORE_H 1
#define HAVE_SYS_SEM_H 1
#define HAVE_LRAND48 /**/
#define STDC_HEADERS 1
#define HAVE_STRING_H 1
#define HAVE_STRINGS_H 1
#define HAVE_STDLIB_H 1
#define HAVE_UNISTD_H 1
#define HAVE_SYS_TYPES_H 1
#define HAVE_SYS_UNISTD_H 1
#define HAVE_SYSLOG_H 1
#define HAVE_CTYPE_H 1
#define HAVE_STDIO_H 1
#define HAVE_STDARG_H 1
#define HAVE_FCNTL_H 1
#define HAVE_TIME_H 1
#define HAVE_SYS_TIME_H 1
#define HAVE_SYS_SELECT_H 1
#define HAVE_ASSERT_H 1
#define HAVE_SIGNAL_H 1
#define HAVE_SYS_SIGNAL_H 1
#define HAVE_MALLOC_H 1
#define HAVE_STRUCT_TIMEVAL 1

configure: exit 0

## ---------------------- ##
## Running config.status. ##
## ---------------------- ##

This file was extended by libosip2 config.status 5.0.0, which was
generated by GNU Autoconf 2.69.  Invocation command line was

  CONFIG_FILES    = 
  CONFIG_HEADERS  = 
  CONFIG_LINKS    = 
  CONFIG_COMMANDS = 
  $ ./config.status 

on ubuntu

config.status:1141: creating libosip2.pc
config.status:1141: creating Makefile
config.status:1141: creating scripts/Makefile
config.status:1141: creating src/Makefile
config.status:1141: creating src/osipparser2/Makefile
config.status:1141: creating src/osip2/Makefile
config.status:1141: creating src/test/Makefile
config.status:1141: creating include/Makefile
config.status:1141: creating include/osip2/Makefile
config.status:1141: creating include/osipparser2/Makefile
config.status:1141: creating include/osipparser2/headers/Makefile
config.status:1141: creating help/Makefile
config.status:1141: creating help/man/Makefile
config.status:1141: creating help/doxygen/Makefile
config.status:1141: creating platform/Makefile
config.status:1141: creating platform/rpm/Makefile
config.status:1141: creating platform/vsnet/Makefile
config.status:1141: creating include/osip2/doxygen.dox
config.status:1141: creating osip-config.h
config.status:1370: executing depfiles commands
config.status:1447: cd src/osipparser2       && sed -e '/# am--include-marker/d' Makefile         | make -f - am--depfiles
make[1]: Entering directory '/home/liugc/Desktop/GB28181Server/库源码/exosip/osiplib/osip/src/osipparser2'
make[1]: Nothing to be done for 'am--depfiles'.
make[1]: Leaving directory '/home/liugc/Desktop/GB28181Server/库源码/exosip/osiplib/osip/src/osipparser2'
config.status:1452: $? = 0
config.status:1447: cd src/osip2       && sed -e '/# am--include-marker/d' Makefile         | make -f - am--depfiles
make[1]: Entering directory '/home/liugc/Desktop/GB28181Server/库源码/exosip/osiplib/osip/src/osip2'
make[1]: Nothing to be done for 'am--depfiles'.
make[1]: Leaving directory '/home/liugc/Desktop/GB28181Server/库源码/exosip/osiplib/osip/src/osip2'
config.status:1452: $? = 0
config.status:1447: cd src/test       && sed -e '/# am--include-marker/d' Makefile         | make -f - am--depfiles
make[1]: Entering directory '/home/liugc/Desktop/GB28181Server/库源码/exosip/osiplib/osip/src/test'
make[1]: Nothing to be done for 'am--depfiles'.
make[1]: Leaving directory '/home/liugc/Desktop/GB28181Server/库源码/exosip/osiplib/osip/src/test'
config.status:1452: $? = 0
config.status:1370: executing libtool commands
